MTB	1	1524
MTB	2052	3260
MTB	3280	4437
MTB	4434	4997
MTB	5240	7267
MTB	7302	9818
MTB	9914	10828
MTB	11874	12311
MTB	12468	13016
MTB	13133	13558
MTB	13714	13995
MTB	14089	14877
MTB	14914	15612
MTB	15590	17470
MTB	17467	18762
MTB	18759	20234
MTB	20231	21640
MTB	21637	23181
MTB	23270	23737
MTB	23861	25444
MTB	25913	26881
MTB	27023	27442
MTB	27595	28365
MTB	28362	29207
MTB	29245	29607
MTB	29722	31068
MTB	31189	31506
MTB	31514	31819
MTB	32057	33154
MTB	33224	33553
MTB	34295	36610
MTB	36607	36870
MTB	36867	37262
MTB	37259	38947
MTB	39056	39829
MTB	39877	41202
MTB	41304	41912
MTB	42004	42351
MTB	42433	43365
MTB	43562	46471
MTB	46581	47207
MTB	47366	48100
MTB	48233	49027
MTB	49043	49939
MTB	50021	51124
MTB	51185	51727
MTB	51828	52697
MTB	52831	53244
MTB	53663	55699
MTB	55696	57378
MTB	57410	57973
MTB	58192	58482
MTB	58586	59080
MTB	59122	59376
MTB	59409	59867
MTB	59896	60417
MTB	60396	63020
MTB	63200	63892
MTB	63909	64967
MTB	65012	65350
MTB	65552	66694
MTB	66923	68362
MTB	68418	68579
MTB	68620	71559
MTB	71589	71828
MTB	71821	72222
MTB	72274	74511
MTB	74629	75198
MTB	75301	76212
MTB	76237	77622
MTB	77619	78896
MTB	79486	80193
MTB	80624	81673
MTB	81676	82668
MTB	82748	83983
MTB	83996	85168
MTB	85183	85572
MTB	85636	86466
MTB	86528	87133
MTB	87208	87801
MTB	87798	88004
MTB	88204	89025
MTB	89022	89480
MTB	89575	89919
MTB	89924	90403
MTB	90400	92322
MTB	92328	93278
MTB	93289	93951
MTB	93951	95417
MTB	95414	96892
MTB	96927	97601
MTB	97758	98351
MTB	98480	99250
MTB	99684	100451
MTB	100583	102868
MTB	102815	103663
MTB	103710	104663
MTB	104805	105215
MTB	105324	106715
MTB	106734	107603
MTB	107600	108151
MTB	108156	109778
MTB	109783	110019
MTB	110001	117539
MTB	117714	119699
MTB	119915	122173
MTB	122317	123831
MTB	123980	124264
MTB	124374	125570
MTB	125643	130541
MTB	130895	131104
MTB	131382	132872
MTB	133020	133769
MTB	133950	136007
MTB	136289	137245
MTB	137319	137909
MTB	137941	138513
MTB	138513	139673
MTB	139956	140144
MTB	140267	141022
MTB	141200	142144
MTB	142128	143876
MTB	144049	145626
MTB	145627	147771
MTB	147908	148342
MTB	148491	148859
MTB	148856	149224
MTB	149533	150996
MTB	151148	152215
MTB	152324	154129
MTB	154232	155599
MTB	155667	156446
MTB	156578	157600
MTB	157847	158302
MTB	158315	159658
MTB	159700	160782
MTB	160869	161474
MTB	161771	162673
MTB	162644	163249
MTB	163366	164691
MTB	164712	165260
MTB	165323	165826
MTB	165827	166849
MTB	166910	167290
MTB	167271	167681
MTB	167711	168637
MTB	168704	170182
MTB	170284	171126
MTB	171215	172168
MTB	172211	173143
MTB	173238	174758
MTB	174833	175693
MTB	175700	176668
MTB	176665	176952
MTB	177543	179309
MTB	179319	180896
MTB	181155	181985
MTB	181987	183198
MTB	183622	184722
MTB	184723	185055
MTB	185052	186479
MTB	186495	186623
MTB	186785	187429
MTB	187433	188839
MTB	188931	190439
MTB	190607	191956
MTB	191984	193135
MTB	193117	193572
MTB	193626	194111
MTB	194144	194815
MTB	194993	196657
MTB	196861	197658
MTB	197660	198529
MTB	198534	199898
MTB	199895	200935
MTB	200932	202479
MTB	202476	204068
MTB	204065	205237
MTB	205231	206778
MTB	206814	207455
MTB	207452	208420
MTB	208417	208971
MTB	208938	209672
MTB	209703	210812
MTB	210892	212250
MTB	212277	213011
MTB	213028	214140
MTB	214088	214927
MTB	214969	215718
MTB	215715	216224
MTB	216269	218344
MTB	218390	218551
MTB	218705	219367
MTB	219486	219917
MTB	219996	221723
MTB	221871	222161
MTB	222289	223530
MTB	223564	224664
MTB	224724	226571
MTB	226878	230462
MTB	230899	231534
MTB	231647	232231
MTB	232231	234519
MTB	234516	236507
MTB	236550	237209
MTB	237206	237895
MTB	237892	238395
MTB	238392	241292
MTB	241514	241924
MTB	241976	243214
MTB	243384	244487
MTB	244484	247318
MTB	247384	248112
MTB	248115	248906
MTB	249038	250123
MTB	250120	251598
MTB	251782	253602
MTB	253669	254640
MTB	254637	255950
MTB	256064	257677
MTB	258913	259926
MTB	259923	260831
MTB	260924	262252
MTB	262254	262802
MTB	262812	264023
MTB	264067	265476
MTB	265507	266295
MTB	266301	267764
MTB	267863	268627
MTB	268663	269817
MTB	269834	271564
MTB	271574	272839
MTB	273055	274278
MTB	274306	274719
MTB	274983	275963
MTB	276058	277764
MTB	277899	278588
MTB	278585	279529
MTB	279605	281140
MTB	281166	282614
MTB	282649	286851
MTB	286898	287071
MTB	287186	288352
MTB	288428	289042
MTB	289104	289337
MTB	289345	289782
MTB	289812	290654
MTB	290665	292029
MTB	292171	293493
MTB	293798	295633
MTB	296005	296493
MTB	296809	298119
MTB	298116	298862
MTB	298863	300803
MTB	300834	301655
MTB	301735	302028
MTB	302173	302652
MTB	302866	305427
MTB	305453	305809
MTB	305825	306349
MTB	306374	307858
MTB	307877	309547
MTB	309699	310073
MTB	310294	310749
MTB	310774	311517
MTB	311514	312659
MTB	312759	314168
MTB	314309	314854
MTB	314864	315766
MTB	315783	316415
MTB	316511	317503
MTB	317525	321154
MTB	321331	322722
MTB	322764	323273
MTB	323338	324531
MTB	324567	326249
MTB	326266	328461
MTB	328575	329708
MTB	329705	330325
MTB	330422	331003
MTB	330933	331658
MTB	331748	332668
MTB	332708	333136
MTB	333437	336310
MTB	336560	339073
MTB	339364	340974
MTB	340998	341906
MTB	342130	344025
MTB	344022	345638
MTB	345635	349627
MTB	349624	349932
MTB	349935	351476
MTB	351525	351818
MTB	351848	352138
MTB	352149	353036
MTB	353083	354501
MTB	354498	355883
MTB	355880	356875
MTB	356862	358064
MTB	358171	358956
MTB	358945	359748
MTB	359758	361155
MTB	361334	363109
MTB	363252	363479
MTB	363476	363778
MTB	363826	364047
MTB	364044	364469
MTB	364605	365237
MTB	365234	366142
MTB	366150	372764
MTB	372820	375711
MTB	375914	376585
MTB	376573	377055
MTB	377113	377829
MTB	377931	378587
MTB	378657	379148
MTB	379172	380401
MTB	380556	382418
MTB	382490	382876
MTB	382879	383541
MTB	383602	384486
MTB	384535	385149
MTB	385173	385943
MTB	386305	387099
MTB	387148	387816
MTB	387888	388550
MTB	388582	389154
MTB	389260	390591
MTB	390580	391251
MTB	391352	392032
MTB	392039	392263
MTB	392273	392728
MTB	392696	394045
MTB	394111	394713
MTB	394694	395320
MTB	395347	396087
MTB	396201	397367
MTB	397442	398227
MTB	398254	398628
MTB	398658	399524
MTB	399535	400050
MTB	400192	401703
MTB	401873	403162
MTB	403193	405841
MTB	405950	408448
MTB	408634	409173
MTB	409362	410801
MTB	410838	412760
MTB	412757	414238
MTB	414381	414941
MTB	415050	415460
MTB	415502	416965
MTB	417304	418290
MTB	418293	418946
MTB	418949	419608
MTB	419835	421712
MTB	421709	422416
MTB	422452	423639
MTB	423639	424019
MTB	424269	424694
MTB	424777	434679
MTB	434830	435474
MTB	435471	436769
MTB	436860	437507
MTB	437518	438297
MTB	438302	438739
MTB	438822	439649
MTB	439871	441253
MTB	441265	442299
MTB	442395	443078
MTB	443067	444197
MTB	444222	444815
MTB	444844	445233
MTB	445314	446525
MTB	446531	447046
MTB	447147	448043
MTB	448040	448633
MTB	448630	449385
MTB	449404	451803
MTB	451800	452279
MTB	452294	453154
MTB	453230	454372
MTB	454421	455386
MTB	455637	455858
MTB	455977	456192
MTB	456268	456819
MTB	456915	457823
MTB	457841	458380
MTB	458461	459315
MTB	459456	462002
MTB	462135	463307
MTB	463411	466668
MTB	468335	469594
MTB	469591	470013
MTB	470010	471230
MTB	471227	472639
MTB	472781	474106
MTB	474122	474841
MTB	474940	475344
MTB	475350	475742
MTB	475816	476184
MTB	476394	476642
MTB	476679	477320
MTB	477327	478556
MTB	478566	479753
MTB	479789	480160
MTB	480355	483231
MTB	483228	483656
MTB	483977	485734
MTB	485731	489939
MTB	489887	490705
MTB	490783	491793
MTB	491786	493858
MTB	493851	495008
MTB	495062	497314
MTB	497314	498300
MTB	498300	499619
MTB	499713	500366
MTB	500350	501018
MTB	501148	502170
MTB	502167	502373
MTB	502366	503124
MTB	503496	504998
MTB	505086	506582
MTB	506561	506971
MTB	507132	507761
MTB	507758	508555
MTB	508582	510225
MTB	510377	510652
MTB	510702	515321
MTB	515373	515816
MTB	516017	516892
MTB	516895	517803
MTB	517803	518396
MTB	518733	519041
MTB	519073	519567
MTB	519600	520322
MTB	520324	521454
MTB	521514	522167
MTB	522347	524533
MTB	524530	525390
MTB	525387	526082
MTB	526143	527360
MTB	527379	528314
MTB	528608	530230
MTB	530296	530724
MTB	530751	532214
MTB	532396	532911
MTB	533091	533789
MTB	533833	534396
MTB	534445	535215
MTB	535224	536507
MTB	536504	537169
MTB	537229	538548
MTB	538588	541491
MTB	541488	541910
MTB	542142	542852
MTB	543174	544730
MTB	545375	545821
MTB	545889	546803
MTB	547076	547357
MTB	547344	547517
MTB	547586	549607
MTB	549675	551198
MTB	551198	551689
MTB	551749	551988
MTB	552026	552550
MTB	552614	554008
MTB	554016	554309
MTB	554313	554885
MTB	554882	556306
MTB	556458	557252
MTB	557527	558813
MTB	558895	559755
MTB	559888	560748
MTB	560848	561711
MTB	561854	562294
MTB	562225	562713
MTB	562723	563427
MTB	563564	564934
MTB	565021	565443
MTB	565797	566396
MTB	566508	566771
MTB	566776	567222
MTB	567222	567896
MTB	567921	568967
MTB	568964	569806
MTB	569988	570512
MTB	570539	571648
MTB	571710	573065
MTB	573046	573801
MTB	573984	575300
MTB	575348	576790
MTB	576787	577338
MTB	577664	578269
MTB	578426	579175
MTB	579349	580581
MTB	580809	581492
MTB	581489	583378
MTB	583375	583704
MTB	583701	584690
MTB	584695	585423
MTB	585424	586314
MTB	586394	587380
MTB	587377	588309
MTB	588325	589167
MTB	589183	590058
MTB	590083	590970
MTB	591111	591347
MTB	591654	592784
MTB	592791	593867
MTB	593871	594779
MTB	594802	595302
MTB	595464	596585
MTB	596759	597202
MTB	597199	600105
MTB	600098	600391
MTB	600441	601847
MTB	601857	602786
MTB	602819	604516
MTB	604602	605591
MTB	605604	606152
MTB	606149	606448
MTB	606551	608062
MTB	608059	608535
MTB	608746	610056
MTB	610188	610883
MTB	611172	612074
MTB	613038	614342
MTB	614326	614721
MTB	614835	616223
MTB	616223	616831
MTB	616846	617496
MTB	617493	618272
MTB	618305	619894
MTB	619891	620865
MTB	620907	622124
MTB	622121	622282
MTB	622329	622646
MTB	622793	624577
MTB	624473	625480
MTB	625562	626440
MTB	626457	627251
MTB	627248	628288
MTB	628298	629731
MTB	630040	631686
MTB	631743	632375
MTB	632372	633034
MTB	633055	634404
MTB	634416	635504
MTB	635573	635875
MTB	635935	636213
MTB	636210	637463
MTB	637583	637969
MTB	638032	638916
MTB	639012	639956
MTB	640228	640641
MTB	640638	640904
MTB	641096	642811
MTB	642889	644493
MTB	644490	645470
MTB	645467	646255
MTB	646298	647962
MTB	647959	648474
MTB	648536	649672
MTB	649689	650393
MTB	650407	650745
MTB	650779	651504
MTB	651529	652755
MTB	652771	653778
MTB	653879	654739
MTB	654924	655949
MTB	656010	657470
MTB	657548	658039
MTB	658321	659340
MTB	659450	660868
MTB	661003	661269
MTB	661295	663373
MTB	663487	664818
MTB	665042	665383
MTB	665851	667242
MTB	667252	668394
MTB	668579	669745
MTB	669848	671152
MTB	671166	671951
MTB	671996	675916
MTB	676238	676996
MTB	677125	677616
MTB	677710	677925
MTB	677922	678329
MTB	678389	679075
MTB	679229	681862
MTB	681885	684272
MTB	684410	685132
MTB	685129	685926
MTB	685928	686815
MTB	686821	688035
MTB	689059	690504
MTB	690501	692027
MTB	692024	693232
MTB	693237	694787
MTB	694839	695231
MTB	695228	695485
MTB	695668	696903
MTB	697154	697567
MTB	697564	697800
MTB	697904	698410
MTB	698524	698994
MTB	699038	699799
MTB	699856	700167
MTB	700239	701189
MTB	701430	702014
MTB	702813	703199
MTB	703244	703489
MTB	703486	703887
MTB	703830	704057
MTB	704752	705909
MTB	705961	706182
MTB	706324	706929
MTB	706948	709515
MTB	709599	710348
MTB	710345	710587
MTB	710782	711009
MTB	711006	711407
MTB	712716	713807
MTB	714202	715266
MTB	715370	716317
MTB	716410	716664
MTB	716664	717059
MTB	717153	717893
MTB	718025	718285
MTB	718282	718689
MTB	718761	719912
MTB	720005	721732
MTB	721729	725013
MTB	725013	728306
MTB	728583	729278
MTB	729327	730166
MTB	730320	731033
MTB	731113	731364
MTB	731712	731879
MTB	731930	732406
MTB	732393	732821
MTB	732825	733325
MTB	733737	734222
MTB	734254	734970
MTB	735022	735450
MTB	735517	736224
MTB	736298	737203
MTB	737268	738149
MTB	738297	739160
MTB	739327	740187
MTB	740234	741139
MTB	741151	742617
MTB	742719	746366
MTB	746363	747037
MTB	747037	747945
MTB	748276	748812
MTB	748849	749241
MTB	749234	749929
MTB	750000	751505
MTB	751517	752596
MTB	752984	753367
MTB	753462	753617
MTB	753693	754409
MTB	754685	754993
MTB	754980	755225
MTB	755335	755772
MTB	755769	756023
MTB	756137	758500
MTB	758532	758804
MTB	758801	759139
MTB	759136	759309
MTB	759807	763325
MTB	763370	767320
MTB	767684	769597
MTB	769792	770550
MTB	770582	771424
MTB	771484	773112
MTB	773123	774061
MTB	774064	774786
MTB	774783	775574
MTB	775586	778480
MTB	778477	778905
MTB	778990	779487
MTB	779543	780040
MTB	780042	780416
MTB	780721	781311
MTB	781560	781934
MTB	781934	782404
MTB	782485	784590
MTB	784821	786011
MTB	786149	786946
MTB	787099	787926
MTB	787940	789160
MTB	789157	789411
MTB	790024	791073
MTB	791070	791666
MTB	791757	791846
MTB	791831	792160
MTB	792157	793332
MTB	793335	794525
MTB	794715	795470
MTB	795519	796931
MTB	796933	798372
MTB	798833	799444
MTB	799629	799850
MTB	800487	800792
MTB	800809	801462
MTB	801462	802133
MTB	802133	802435
MTB	802528	803370
MTB	803411	803692
MTB	803689	804282
MTB	804282	805106
MTB	805110	805526
MTB	805526	805759
MTB	805756	806166
MTB	806335	808698
MTB	808746	809645
MTB	809946	810887
MTB	811373	811741
MTB	811742	812059
MTB	812059	812622
MTB	812627	812812
MTB	812976	813374
MTB	813398	813937
MTB	813940	814308
MTB	814328	814990
MTB	814993	815190
MTB	815190	815630
MTB	815663	817534
MTB	817539	818444
MTB	818537	819640
MTB	819843	820499
MTB	820496	821476
MTB	821507	822853
MTB	822866	823594
MTB	823683	824639
MTB	824800	826125
MTB	826122	826667
MTB	826670	827470
MTB	827543	828076
MTB	828140	828892
MTB	829207	829704
MTB	830062	830610
MTB	830855	831661
MTB	831776	832303
MTB	832981	833508
MTB	833886	834443
MTB	834440	834946
MTB	835154	835681
MTB	835701	838052
MTB	838451	840856
MTB	840947	841204
MTB	841228	841656
MTB	841737	841874
MTB	842033	842278
MTB	842347	843231
MTB	843242	844414
MTB	844421	845953
MTB	846159	847913
MTB	848103	850040
MTB	850741	851466
MTB	851608	852351
MTB	852396	853853
MTB	853825	854157
MTB	854267	854686
MTB	854699	855826
MTB	855925	856470
MTB	856473	856679
MTB	856682	858037
MTB	858037	858864
MTB	858864	860072
MTB	860069	860710
MTB	860912	862381
MTB	862412	863158
MTB	863256	864143
MTB	864140	864574
MTB	864586	865854
MTB	865851	867389
MTB	867440	868351
MTB	868407	869030
MTB	868984	869763
MTB	870008	871426
MTB	871431	872675
MTB	872672	873292
MTB	873343	874236
MTB	876818	878440
MTB	878638	879324
MTB	879340	881040
MTB	881075	881713
MTB	881459	882418
MTB	882524	882763
MTB	882760	883434
MTB	883451	884050
MTB	884072	884800
MTB	884797	885840
MTB	885837	886646
MTB	886719	887024
MTB	887137	888636
MTB	890388	891482
MTB	891472	892269
MTB	892266	893273
MTB	893318	894619
MTB	894631	894978
MTB	894972	895628
MTB	895820	898084
MTB	898081	898710
MTB	898831	899787
MTB	899732	901330
MTB	901635	902024
MTB	902111	903694
MTB	903725	904819
MTB	904905	905087
MTB	905234	906340
MTB	906423	907292
MTB	907338	908018
MTB	908181	908483
MTB	908485	909318
MTB	909611	910033
MTB	910030	910842
MTB	910972	911739
MTB	911736	912683
MTB	912726	913502
MTB	913558	914199
MTB	914257	916311
MTB	916477	917646
MTB	917734	918750
MTB	918912	919553
MTB	919634	920689
MTB	920741	921133
MTB	921191	921613
MTB	921970	922875
MTB	922894	923709
MTB	924951	925364
MTB	925361	927610
MTB	927837	930485
MTB	930953	931597
MTB	932279	932932
MTB	933003	934031
MTB	934720	935490
MTB	935577	936389
MTB	936457	937317
MTB	937593	937835
MTB	938112	939404
MTB	939388	940392
MTB	940456	941106
MTB	941190	942467
MTB	942680	944194
MTB	944343	944735
MTB	944938	946056
MTB	946056	947315
MTB	947641	948468
MTB	948757	949395
MTB	949436	951118
MTB	951183	951626
MTB	951632	952711
MTB	952825	953229
MTB	953257	953730
MTB	953727	954920
MTB	955077	956288
MTB	956293	958455
MTB	958523	960151
MTB	960342	962612
MTB	962680	962880
MTB	962890	963393
MTB	963390	963872
MTB	963869	964294
MTB	964312	965535
MTB	965983	966261
MTB	966265	967347
MTB	967344	967733
MTB	967898	968305
MTB	968424	970244
MTB	970505	972457
MTB	972546	973706
MTB	973806	974294
MTB	974291	975937
MTB	976075	976863
MTB	976872	978203
MTB	978481	978756
MTB	978934	979365
MTB	979362	980228
MTB	980225	980509
MTB	980506	981267
MTB	981424	982554
MTB	982762	983784
MTB	983803	985530
MTB	985513	985971
MTB	987233	988705
MTB	988740	989861
MTB	989948	992596
MTB	992598	993455
MTB	993853	995340
MTB	995318	996295
MTB	996524	997705
MTB	997782	999299
MTB	999472	1000767
MTB	1000808	1002415
MTB	1002441	1002704
MTB	1002812	1003792
MTB	1003805	1003957
MTB	1003957	1004484
MTB	1004501	1005841
MTB	1005852	1006562
MTB	1006693	1008180
MTB	1008207	1008938
MTB	1008944	1010062
MTB	1010136	1011734
MTB	1011731	1014124
MTB	1014681	1014860
MTB	1014866	1015300
MTB	1015398	1016171
MTB	1016236	1016685
MTB	1017217	1018725
MTB	1018727	1019965
MTB	1020058	1021329
MTB	1021344	1021643
MTB	1022087	1023868
MTB	1024211	1024687
MTB	1024684	1025184
MTB	1025497	1026816
MTB	1027104	1027685
MTB	1027685	1029337
MTB	1029513	1030577
MTB	1030578	1031864
MTB	1031896	1032633
MTB	1032710	1033786
MTB	1033840	1034631
MTB	1034903	1036015
MTB	1036028	1037002
MTB	1036999	1037925
MTB	1037920	1039914
MTB	1039936	1041048
MTB	1041264	1042094
MTB	1042115	1043239
MTB	1043299	1044315
MTB	1044317	1045222
MTB	1045199	1046020
MTB	1046136	1048415
MTB	1048412	1050346
MTB	1050593	1051459
MTB	1051544	1052317
MTB	1052360	1052638
MTB	1052696	1053736
MTB	1053765	1054241
MTB	1054247	1055008
MTB	1055024	1056685
MTB	1057646	1057963
MTB	1058260	1060575
MTB	1060656	1061654
MTB	1061964	1063127
MTB	1063140	1064051
MTB	1064114	1064962
MTB	1065127	1066038
MTB	1066078	1067445
MTB	1067561	1068208
MTB	1068205	1069776
MTB	1069883	1071262
MTB	1071255	1073273
MTB	1073327	1073548
MTB	1073545	1073928
MTB	1074074	1074421
MTB	1074440	1075114
MTB	1075297	1076097
MTB	1076196	1076678
MTB	1076778	1077197
MTB	1077233	1077835
MTB	1077975	1078334
MTB	1078391	1078687
MTB	1078743	1081055
MTB	1081052	1081684
MTB	1081775	1082584
MTB	1082584	1083750
MTB	1083747	1085750
MTB	1085756	1087345
MTB	1087348	1088496
MTB	1088493	1090175
MTB	1090373	1093144
MTB	1093361	1094356
MTB	1094670	1094864
MTB	1094886	1095059
MTB	1095078	1096451
MTB	1096822	1097508
MTB	1097508	1099022
MTB	1099066	1100460
MTB	1100460	1101005
MTB	1101025	1101480
MTB	1101803	1102549
MTB	1102542	1105109
MTB	1105116	1106276
MTB	1106405	1107382
MTB	1107443	1108099
MTB	1108172	1108504
MTB	1108578	1109171
MTB	1109272	1110192
MTB	1110269	1111549
MTB	1111612	1112223
MTB	1112384	1113460
MTB	1113861	1114112
MTB	1114293	1114724
MTB	1114748	1115749
MTB	1115767	1116525
MTB	1116531	1117148
MTB	1117185	1118393
MTB	1118428	1119939
MTB	1120022	1120879
MTB	1120889	1122148
MTB	1122222	1123598
MTB	1123714	1125417
MTB	1125444	1127003
MTB	1127089	1127883
MTB	1128091	1129179
MTB	1129152	1130105
MTB	1130191	1131111
MTB	1131128	1131421
MTB	1131625	1133259
MTB	1133333	1133908
MTB	1133921	1134568
MTB	1134785	1135465
MTB	1135501	1136481
MTB	1136573	1138060
MTB	1138315	1138908
MTB	1138967	1142671
MTB	1142671	1143648
MTB	1143736	1144467
MTB	1144564	1145853
MTB	1145858	1146544
MTB	1146561	1147028
MTB	1147019	1147978
MTB	1148427	1149107
MTB	1149104	1151686
MTB	1151920	1152012
MTB	1152012	1153727
MTB	1153724	1155853
MTB	1155853	1156422
MTB	1156426	1157955
MTB	1157963	1158736
MTB	1160544	1160828
MTB	1160855	1161151
MTB	1161297	1162472
MTB	1162549	1163376
MTB	1164572	1165435
MTB	1165092	1165499
MTB	1165781	1166806
MTB	1167053	1167676
MTB	1167673	1168554
MTB	1169423	1170670
MTB	1171038	1172153
MTB	1172386	1172832
MTB	1172881	1173786
MTB	1173945	1174700
MTB	1175723	1176112
MTB	1177628	1178392
MTB	1179396	1180577
MTB	1180684	1182315
MTB	1182391	1183455
MTB	1183508	1183981
MTB	1184015	1184878
MTB	1184883	1185740
MTB	1185741	1186823
MTB	1186904	1187323
MTB	1187435	1188001
MTB	1187998	1188393
MTB	1188421	1190424
MTB	1190757	1192148
MTB	1192510	1194273
MTB	1194270	1195043
MTB	1195055	1196092
MTB	1196279	1197115
MTB	1197231	1198082
MTB	1198156	1199373
MTB	1199426	1200370
MTB	1200767	1201660
MTB	1201717	1203111
MTB	1203313	1204035
MTB	1204067	1205233
MTB	1205304	1205798
MTB	1205984	1206418
MTB	1206520	1207386
MTB	1207383	1207649
MTB	1207636	1209657
MTB	1209756	1210484
MTB	1210595	1211383
MTB	1211560	1213863
MTB	1214513	1214947
MTB	1215225	1215407
MTB	1216469	1219030
MTB	1219248	1220186
MTB	1220574	1221854
MTB	1221959	1222786
MTB	1222997	1224298
MTB	1224385	1225260
MTB	1225263	1226144
MTB	1226141	1227565
MTB	1227596	1228684
MTB	1228683	1229384
MTB	1229391	1230548
MTB	1230660	1230971
MTB	1230971	1231291
MTB	1232844	1233956
MTB	1233966	1234223
MTB	1234213	1235460
MTB	1235457	1236095
MTB	1236185	1237192
MTB	1237209	1238192
MTB	1238255	1239328
MTB	1239416	1239613
MTB	1239610	1239984
MTB	1240187	1240885
MTB	1241003	1241188
MTB	1241633	1241956
MTB	1241971	1242831
MTB	1242864	1243013
MTB	1243010	1243504
MTB	1243707	1245107
MTB	1245129	1246151
MTB	1246144	1247052
MTB	1247127	1248077
MTB	1248082	1249326
MTB	1249330	1249935
MTB	1249932	1251404
MTB	1251617	1252972
MTB	1253074	1254534
MTB	1254555	1256135
MTB	1256132	1257313
MTB	1257325	1259055
MTB	1259067	1261346
MTB	1261922	1262158
MTB	1262272	1264128
MTB	1265034	1265438
MTB	1265472	1266488
MTB	1266485	1266985
MTB	1267347	1268195
MTB	1268203	1269009
MTB	1269152	1269958
MTB	1270062	1271144
MTB	1271156	1271908
MTB	1272423	1273334
MTB	1273355	1274767
MTB	1274900	1275550
MTB	1276300	1277748
MTB	1277893	1278300
MTB	1278904	1279617
MTB	1279655	1280020
MTB	1279998	1280846
MTB	1280843	1281484
MTB	1281429	1281872
MTB	1282030	1282218
MTB	1282306	1282893
MTB	1283056	1284171
MTB	1284179	1284862
MTB	1284992	1286287
MTB	1286284	1286568
MTB	1286595	1287020
MTB	1287328	1291026
MTB	1291065	1292741
MTB	1292798	1293403
MTB	1293406	1294146
MTB	1294168	1296054
MTB	1296152	1298059
MTB	1298087	1298692
MTB	1298764	1299804
MTB	1299822	1300124
MTB	1300304	1301215
MTB	1301307	1301747
MTB	1301755	1302681
MTB	1302931	1305501
MTB	1305669	1306001
MTB	1306202	1308226
MTB	1308223	1308792
MTB	1309005	1309331
MTB	1309364	1310452
MTB	1310480	1313299
MTB	1313725	1315191
MTB	1315234	1319982
MTB	1320035	1321453
MTB	1321520	1324528
MTB	1324532	1325611
MTB	1325776	1327512
MTB	1327689	1329305
MTB	1329390	1331021
MTB	1331021	1332010
MTB	1332092	1332964
MTB	1332980	1333858
MTB	1333931	1334845
MTB	1334927	1335754
MTB	1335794	1337215
MTB	1337248	1338513
MTB	1339003	1339302
MTB	1339349	1340524
MTB	1340659	1340955
MTB	1341006	1341290
MTB	1341358	1342605
MTB	1342942	1344219
MTB	1344216	1345169
MTB	1345260	1346324
MTB	1346321	1346905
MTB	1346936	1348624
MTB	1348719	1349282
MTB	1349332	1351125
MTB	1351191	1352147
MTB	1352144	1353118
MTB	1353157	1353525
MTB	1353522	1354136
MTB	1354243	1354470
MTB	1354498	1355661
MTB	1355836	1357050
MTB	1357293	1357625
MTB	1357759	1359444
MTB	1359472	1360146
MTB	1360155	1361801
MTB	1361798	1362733
MTB	1362723	1363361
MTB	1363503	1364150
MTB	1364413	1365186
MTB	1365344	1365808
MTB	1365875	1367461
MTB	1367463	1367858
MTB	1367891	1368721
MTB	1368832	1370295
MTB	1370292	1370825
MTB	1370920	1371477
MTB	1371529	1371702
MTB	1371777	1372949
MTB	1372962	1374197
MTB	1374322	1374864
MTB	1374861	1376168
MTB	1376230	1376826
MTB	1376976	1377503
MTB	1377524	1378930
MTB	1378927	1379850
MTB	1379855	1380679
MTB	1380684	1381865
MTB	1381942	1383042
MTB	1383213	1384202
MTB	1384278	1384538
MTB	1384535	1384966
MTB	1384989	1386677
MTB	1386857	1387717
MTB	1387798	1388628
MTB	1388685	1388978
MTB	1388975	1389244
MTB	1389357	1393052
MTB	1393194	1393982
MTB	1394179	1395918
MTB	1395821	1399240
MTB	1399296	1399904
MTB	1399970	1401661
MTB	1401658	1402809
MTB	1402778	1403386
MTB	1403386	1404603
MTB	1404717	1406084
MTB	1406081	1407340
MTB	1407339	1408238
MTB	1408240	1409358
MTB	1409484	1409933
MTB	1409938	1410372
MTB	1410431	1411819
MTB	1411894	1413087
MTB	1413260	1413940
MTB	1413960	1415840
MTB	1416181	1417347
MTB	1417658	1418356
MTB	1418579	1418953
MTB	1419014	1419748
MTB	1419961	1420302
MTB	1420410	1422305
MTB	1422302	1424050
MTB	1424197	1424754
MTB	1424751	1425293
MTB	1425438	1425914
MTB	1426164	1427417
MTB	1427414	1430041
MTB	1430062	1431648
MTB	1431665	1433440
MTB	1433433	1435271
MTB	1435268	1436143
MTB	1436140	1437117
MTB	1437324	1437815
MTB	1437909	1438907
MTB	1438907	1440751
MTB	1440805	1441290
MTB	1441348	1442718
MTB	1442767	1443399
MTB	1443482	1445047
MTB	1445058	1445372
MTB	1445499	1445834
MTB	1446379	1448031
MTB	1448028	1449371
MTB	1449375	1450700
MTB	1450697	1451779
MTB	1451997	1452947
MTB	1453204	1455012
MTB	1455163	1455405
MTB	1455495	1456568
MTB	1456565	1457542
MTB	1457558	1458211
MTB	1458295	1459509
MTB	1459766	1460251
MTB	1460244	1460996
MTB	1461045	1461290
MTB	1461321	1461836
MTB	1461843	1463183
MTB	1463228	1464877
MTB	1464884	1465801
MTB	1465841	1467301
MTB	1467315	1467680
MTB	1467688	1468131
MTB	1468171	1469505
MTB	1469671	1470252
MTB	1470321	1471577
MTB	1477134	1477631
MTB	1477628	1479118
MTB	1479199	1480824
MTB	1480894	1482501
MTB	1482514	1484217
MTB	1484279	1484959
MTB	1484982	1485278
MTB	1485313	1485771
MTB	1485862	1487031
MTB	1487161	1488075
MTB	1488154	1489965
MTB	1490117	1492312
MTB	1492320	1494425
MTB	1494564	1497155
MTB	1497195	1499189
MTB	1499213	1500559
MTB	1500661	1500966
MTB	1500926	1501582
MTB	1501599	1502633
MTB	1502641	1503081
MTB	1503103	1503384
MTB	1503394	1504365
MTB	1504356	1505078
MTB	1505075	1505890
MTB	1505917	1506738
MTB	1506755	1507534
MTB	1507573	1508187
MTB	1508184	1508546
MTB	1508543	1508923
MTB	1508968	1509288
MTB	1509281	1510846
MTB	1510846	1512006
MTB	1511973	1512605
MTB	1513047	1515626
MTB	1515623	1517362
MTB	1517491	1518234
MTB	1518231	1518560
MTB	1518763	1519134
MTB	1519200	1519985
MTB	1520005	1521876
MTB	1521885	1524032
MTB	1524029	1524820
MTB	1525293	1526216
MTB	1526612	1530091
MTB	1530173	1530925
MTB	1531348	1532370
MTB	1532443	1533633
MTB	1533948	1534610
MTB	1534607	1535392
MTB	1535683	1537644
MTB	1537783	1538169
MTB	1538390	1539211
MTB	1539180	1539440
MTB	1539512	1540645
MTB	1541020	1541805
MTB	1543359	1544828
MTB	1544825	1546006
MTB	1546012	1546992
MTB	1547072	1547530
MTB	1547832	1549151
MTB	1549148	1550641
MTB	1550579	1551217
MTB	1551228	1552655
MTB	1552654	1553235
MTB	1553232	1554191
MTB	1554188	1555480
MTB	1555477	1555974
MTB	1555971	1557101
MTB	1557101	1560448
MTB	1560445	1561269
MTB	1561464	1561772
MTB	1561769	1563388
MTB	1563694	1564266
MTB	1564401	1565027
MTB	1565093	1565425
MTB	1565441	1566697
MTB	1566825	1568036
MTB	1568109	1569587
MTB	1569584	1570969
MTB	1571047	1572081
MTB	1572127	1573857
MTB	1574112	1574513
MTB	1574510	1574767
MTB	1574850	1575809
MTB	1575834	1576796
MTB	1576930	1577532
MTB	1577613	1579580
MTB	1579598	1580422
MTB	1580591	1581073
MTB	1581145	1581969
MTB	1582166	1583104
MTB	1583101	1584474
MTB	1584499	1585197
MTB	1585194	1586213
MTB	1586210	1587766
MTB	1587772	1588482
MTB	1588567	1589172
MTB	1589386	1589901
MTB	1589891	1590292
MTB	1590397	1591674
MTB	1591671	1592153
MTB	1592150	1592614
MTB	1592639	1593325
MTB	1593505	1593978
MTB	1594042	1595982
MTB	1595979	1596884
MTB	1596881	1597909
MTB	1597906	1598883
MTB	1598893	1599654
MTB	1599658	1601037
MTB	1601059	1602321
MTB	1602321	1603928
MTB	1603932	1604759
MTB	1604878	1606146
MTB	1606386	1607972
MTB	1608083	1609852
MTB	1609849	1611270
MTB	1611434	1612249
MTB	1612256	1612393
MTB	1612342	1612950
MTB	1613307	1614326
MTB	1614329	1615567
MTB	1615564	1616349
MTB	1616961	1617386
MTB	1617837	1618070
MTB	1618209	1619684
MTB	1619791	1622091
MTB	1622207	1622692
MTB	1623287	1623697
MTB	1623714	1624457
MTB	1624454	1625365
MTB	1625418	1626962
MTB	1626959	1628080
MTB	1628097	1630199
MTB	1630638	1634627
MTB	1635029	1635955
MTB	1636004	1638229
MTB	1638381	1639646
MTB	1639674	1640660
MTB	1640680	1641543
MTB	1641493	1642425
MTB	1642537	1643322
MTB	1643319	1644260
MTB	1644363	1646138
MTB	1646186	1646992
MTB	1646989	1649529
MTB	1649526	1650719
MTB	1650716	1651516
MTB	1651518	1652771
MTB	1652768	1653256
MTB	1653231	1653578
MTB	1653673	1655502
MTB	1655609	1656721
MTB	1656963	1658936
MTB	1658980	1659354
MTB	1659370	1659741
MTB	1659763	1660620
MTB	1660656	1662284
MTB	1662381	1662572
MTB	1662641	1663204
MTB	1663215	1666046
MTB	1666204	1666764
MTB	1666990	1668408
MTB	1668419	1669144
MTB	1669283	1670416
MTB	1670413	1671366
MTB	1671377	1672384
MTB	1672457	1673299
MTB	1673440	1674183
MTB	1674202	1675011
MTB	1675017	1676051
MTB	1676017	1676883
MTB	1676941	1677375
MTB	1677397	1678542
MTB	1678552	1678908
MTB	1678942	1679172
MTB	1679322	1680629
MTB	1681208	1681966
MTB	1682157	1684004
MTB	1684005	1686257
MTB	1686271	1686573
MTB	1686570	1686887
MTB	1686884	1687888
MTB	1687941	1689230
MTB	1689303	1689920
MTB	1690134	1690346
MTB	1690407	1690805
MTB	1690850	1691878
MTB	1691890	1692711
MTB	1692924	1693823
MTB	1695281	1695946
MTB	1695943	1696443
MTB	1696727	1697422
MTB	1697356	1697859
MTB	1698095	1699894
MTB	1699866	1700228
MTB	1700212	1701093
MTB	1701295	1702593
MTB	1703074	1704096
MTB	1704093	1705061
MTB	1705058	1705789
MTB	1705807	1706595
MTB	1706630	1707526
MTB	1707529	1708539
MTB	1708871	1709635
MTB	1709644	1710603
MTB	1710733	1711002
MTB	1711028	1712068
MTB	1712302	1714053
MTB	1714172	1717612
MTB	1717653	1718696
MTB	1718726	1719970
MTB	1720017	1720802
MTB	1720780	1722060
MTB	1722083	1728409
MTB	1728953	1729450
MTB	1729502	1731256
MTB	1731373	1732476
MTB	1732473	1733039
MTB	1733116	1733550
MTB	1733610	1734737
MTB	1734734	1735411
MTB	1735976	1736212
MTB	1736519	1739644
MTB	1739856	1741247
MTB	1741212	1742192
MTB	1742244	1742852
MTB	1742845	1743771
MTB	1743778	1744371
MTB	1744426	1744836
MTB	1745064	1746089
MTB	1746094	1746897
MTB	1746919	1747146
MTB	1747195	1747626
MTB	1747694	1751248
MTB	1751297	1753333
MTB	1753716	1755431
MTB	1755445	1757310
MTB	1757681	1759432
MTB	1759435	1760178
MTB	1760175	1760555
MTB	1760552	1760929
MTB	1760997	1761605
MTB	1761744	1762937
MTB	1762947	1763393
MTB	1763428	1764717
MTB	1764755	1764973
MTB	1764979	1765383
MTB	1765400	1767142
MTB	1767135	1769432
MTB	1769436	1771601
MTB	1771640	1773829
MTB	1773928	1774620
MTB	1774860	1775144
MTB	1775392	1776705
MTB	1776702	1777862
MTB	1777859	1778539
MTB	1778539	1779048
MTB	1779314	1779724
MTB	1779930	1780241
MTB	1780199	1780699
MTB	1780643	1782064
MTB	1782072	1782584
MTB	1782758	1783228
MTB	1783309	1783623
MTB	1783620	1783892
MTB	1783906	1784301
MTB	1784497	1785912
MTB	1785912	1786310
MTB	1786307	1786528
MTB	1786584	1787099
MTB	1787096	1788505
MTB	1788162	1789163
MTB	1789168	1789836
MTB	1790284	1791333
MTB	1791334	1791573
MTB	1791570	1792235
MTB	1792400	1793740
MTB	1793997	1794707
MTB	1794756	1795805
MTB	1795805	1797388
MTB	1797388	1798245
MTB	1798294	1799052
MTB	1799073	1799483
MTB	1799583	1800899
MTB	1800896	1802038
MTB	1802035	1802667
MTB	1802664	1803284
MTB	1803294	1804031
MTB	1804039	1804851
MTB	1804853	1805656
MTB	1805653	1806000
MTB	1806181	1807263
MTB	1807298	1807762
MTB	1807903	1809453
MTB	1809443	1810150
MTB	1810240	1811058
MTB	1811127	1812359
MTB	1812359	1813171
MTB	1813171	1814577
MTB	1815253	1815693
MTB	1815683	1816081
MTB	1816189	1817607
MTB	1817615	1818517
MTB	1818575	1820029
MTB	1819963	1821693
MTB	1821690	1823273
MTB	1823360	1824400
MTB	1824430	1825887
MTB	1825998	1826585
MTB	1826614	1827945
MTB	1828180	1828797
MTB	1828865	1830073
MTB	1830070	1830561
MTB	1830665	1833379
MTB	1833542	1834987
MTB	1835013	1836236
MTB	1836387	1836830
MTB	1837075	1839171
MTB	1839168	1840583
MTB	1840572	1842242
MTB	1842451	1842891
MTB	1842898	1843692
MTB	1843741	1846659
MTB	1846716	1846973
MTB	1846989	1848458
MTB	1848517	1852035
MTB	1852273	1852878
MTB	1852928	1853122
MTB	1853184	1853573
MTB	1853606	1854388
MTB	1854399	1855454
MTB	1855764	1856696
MTB	1856774	1857724
MTB	1857731	1858537
MTB	1858733	1859758
MTB	1859758	1862253
MTB	1862347	1865382
MTB	1865576	1866634
MTB	1866631	1867845
MTB	1867842	1868726
MTB	1868723	1869925
MTB	1869922	1870845
MTB	1870842	1871354
MTB	1871363	1872559
MTB	1872639	1874051
MTB	1874160	1875221
MTB	1875304	1881684
MTB	1881704	1886512
MTB	1886512	1888020
MTB	1888026	1891079
MTB	1891226	1892287
MTB	1892270	1893562
MTB	1895725	1896087
MTB	1896120	1896467
MTB	1896475	1896867
MTB	1896876	1898207
MTB	1898300	1899232
MTB	1899260	1899916
MTB	1900241	1900975
MTB	1901047	1901751
MTB	1901748	1902296
MTB	1902397	1903299
MTB	1903299	1904420
MTB	1904429	1905253
MTB	1905250	1906242
MTB	1906403	1907320
MTB	1907594	1910593
MTB	1910586	1910810
MTB	1910776	1911399
MTB	1911401	1912081
MTB	1912153	1912920
MTB	1912979	1913590
MTB	1913602	1914876
MTB	1915527	1915910
MTB	1915949	1916701
MTB	1916698	1917759
MTB	1917756	1917932
MTB	1917940	1918746
MTB	1918746	1919669
MTB	1919683	1921446
MTB	1921542	1922723
MTB	1922745	1923689
MTB	1923829	1925589
MTB	1925582	1926205
MTB	1926202	1927137
MTB	1927211	1928575
MTB	1929131	1929880
MTB	1929786	1931456
MTB	1931497	1932654
MTB	1932694	1933878
MTB	1934482	1934649
MTB	1934882	1936342
MTB	1936360	1937316
MTB	1937313	1938149
MTB	1938146	1938841
MTB	1938838	1939602
MTB	1939599	1940291
MTB	1940288	1941679
MTB	1941853	1942665
MTB	1942659	1943573
MTB	1943576	1944406
MTB	1944406	1944756
MTB	1944809	1945627
MTB	1945641	1946420
MTB	1947030	1947419
MTB	1947416	1947643
MTB	1947861	1949345
MTB	1949342	1950589
MTB	1950632	1951051
MTB	1951041	1951751
MTB	1951852	1953237
MTB	1953270	1953839
MTB	1953864	1954634
MTB	1954631	1955569
MTB	1955692	1957245
MTB	1957677	1959233
MTB	1959243	1959791
MTB	1959855	1960487
MTB	1960774	1961016
MTB	1961291	1961788
MTB	1961887	1962129
MTB	1962228	1964186
MTB	1964183	1965370
MTB	1965657	1965941
MTB	1965955	1967637
MTB	1967705	1967917
MTB	1967917	1968165
MTB	1968173	1968910
MTB	1969004	1970704
MTB	1970989	1971390
MTB	1971380	1971991
MTB	1972138	1973568
MTB	1973630	1976227
MTB	1976600	1977331
MTB	1977328	1977885
MTB	1977969	1979567
MTB	1979621	1981003
MTB	1981130	1981579
MTB	1981614	1984775
MTB	1984979	1986670
MTB	1989042	1989566
MTB	1989833	1992577
MTB	1993153	1994661
MTB	1994671	1995054
MTB	1995054	1995842
MTB	1997418	1998515
MTB	1999737	2000006
MTB	2000074	2000433
MTB	2000614	2002470
MTB	2002626	2003870
MTB	2003878	2005164
MTB	2005161	2006447
MTB	2006636	2006947
MTB	2007020	2007766
MTB	2007832	2009172
MTB	2009172	2009990
MTB	2009995	2010555
MTB	2010656	2011960
MTB	2012081	2012530
MTB	2012686	2014479
MTB	2014699	2015262
MTB	2015302	2017476
MTB	2017740	2019260
MTB	2019257	2023432
MTB	2023447	2024628
MTB	2024828	2025031
MTB	2025301	2026398
MTB	2026477	2026776
MTB	2026790	2027971
MTB	2028425	2029477
MTB	2029904	2030203
MTB	2030694	2030978
MTB	2031066	2031968
MTB	2032240	2033751
MTB	2033729	2035486
MTB	2035483	2036703
MTB	2036700	2038532
MTB	2039159	2039350
MTB	2039453	2041420
MTB	2042001	2043272
MTB	2043384	2044775
MTB	2044923	2046842
MTB	2047023	2047349
MTB	2047687	2048034
MTB	2048072	2048371
MTB	2049921	2051150
MTB	2051282	2052688
MTB	2052933	2053289
MTB	2053443	2054147
MTB	2054157	2055359
MTB	2055681	2056112
MTB	2056521	2057423
MTB	2057528	2058193
MTB	2058256	2058960
MTB	2059595	2061058
MTB	2061178	2062674
MTB	2062809	2064728
MTB	2064799	2066442
MTB	2066457	2068883
MTB	2069080	2069709
MTB	2069702	2070625
MTB	2070654	2071019
MTB	2071036	2071914
MTB	2071952	2072356
MTB	2072596	2073084
MTB	2073081	2073824
MTB	2073943	2074437
MTB	2074841	2075518
MTB	2075571	2075828
MTB	2075877	2078702
MTB	2078929	2079789
MTB	2079830	2080696
MTB	2080701	2082587
MTB	2082603	2084636
MTB	2084756	2086981
MTB	2087257	2087652
MTB	2087649	2087912
MTB	2087971	2089518
MTB	2089681	2090718
MTB	2090718	2092085
MTB	2092259	2093698
MTB	2093731	2095188
MTB	2095218	2096168
MTB	2096183	2096599
MTB	2096877	2097299
MTB	2097348	2097650
MTB	2097647	2097961
MTB	2097961	2099694
MTB	2099694	2100329
MTB	2100340	2101014
MTB	2101022	2101648
MTB	2101651	2103042
MTB	2103184	2104107
MTB	2104146	2104823
MTB	2104985	2105770
MTB	2105773	2106567
MTB	2106574	2107683
MTB	2107736	2108713
MTB	2109165	2109470
MTB	2109544	2110584
MTB	2110591	2111361
MTB	2111354	2112109
MTB	2112106	2112966
MTB	2113140	2115476
MTB	2115764	2117248
MTB	2117347	2119446
MTB	2119460	2120695
MTB	2120795	2121430
MTB	2121495	2121884
MTB	2121907	2123151
MTB	2123174	2123611
MTB	2123684	2124370
MTB	2124381	2124824
MTB	2125340	2125819
MTB	2125904	2127967
MTB	2128022	2129374
MTB	2129377	2130513
MTB	2130541	2131857
MTB	2131907	2132329
MTB	2132370	2133203
MTB	2133231	2133692
MTB	2133731	2134261
MTB	2134273	2134872
MTB	2134890	2135867
MTB	2136258	2137400
MTB	2139076	2139687
MTB	2139741	2140148
MTB	2140165	2140476
MTB	2140486	2140704
MTB	2140739	2141869
MTB	2142521	2143675
MTB	2143535	2144446
MTB	2144451	2144882
MTB	2144940	2145248
MTB	2145214	2146245
MTB	2146245	2147633
MTB	2147662	2148954
MTB	2149006	2150274
MTB	2150364	2150768
MTB	2150954	2151385
MTB	2151433	2152395
MTB	2152425	2152895
MTB	2153235	2153882
MTB	2153889	2156111
MTB	2156149	2156592
MTB	2156706	2157299
MTB	2157382	2157987
MTB	2158087	2159091
MTB	2159191	2159943
MTB	2159921	2160328
MTB	2160463	2161566
MTB	2161566	2162762
MTB	2162932	2167311
MTB	2167649	2170612
MTB	2171061	2171525
MTB	2171623	2172486
MTB	2172524	2173795
MTB	2174067	2175182
MTB	2175173	2176513
MTB	2176550	2176930
MTB	2177087	2178949
MTB	2178957	2179436
MTB	2179673	2180446
MTB	2180450	2181217
MTB	2181262	2181906
MTB	2181918	2182442
MTB	2182460	2183239
MTB	2183372	2183869
MTB	2183866	2184957
MTB	2184959	2186188
MTB	2186203	2187159
MTB	2187384	2188493
MTB	2188496	2191015
MTB	2191027	2192097
MTB	2192094	2192609
MTB	2192606	2193667
MTB	2193664	2194434
MTB	2194644	2194973
MTB	2194970	2195347
MTB	2195344	2195934
MTB	2195989	2197353
MTB	2197508	2197960
MTB	2198024	2198425
MTB	2198714	2199064
MTB	2199998	2200189
MTB	2200190	2200486
MTB	2200726	2200941
MTB	2200938	2201249
MTB	2201223	2201744
MTB	2201719	2202096
MTB	2202138	2202587
MTB	2202584	2203129
MTB	2203018	2203632
MTB	2203681	2203977
MTB	2203974	2204225
MTB	2204212	2204706
MTB	2204866	2205273
MTB	2205277	2205549
MTB	2205582	2206802
MTB	2207700	2208497
MTB	2208507	2209322
MTB	2209327	2210604
MTB	2210601	2211629
MTB	2211626	2212858
MTB	2212855	2214126
MTB	2214123	2215256
MTB	2215257	2216570
MTB	2216592	2217167
MTB	2217164	2217646
MTB	2217659	2218036
MTB	2218052	2218717
MTB	2218844	2219251
MTB	2219754	2220800
MTB	2220908	2221756
MTB	2221719	2223164
MTB	2223343	2224029
MTB	2224220	2225188
MTB	2225413	2225832
MTB	2225841	2226101
MTB	2226244	2227920
MTB	2227908	2228561
MTB	2228676	2228906
MTB	2228991	2229902
MTB	2230011	2230610
MTB	2231026	2231454
MTB	2231680	2232219
MTB	2232739	2233299
MTB	2233296	2233637
MTB	2234305	2234649
MTB	2234643	2234891
MTB	2234991	2237306
MTB	2237303	2237575
MTB	2237628	2237984
MTB	2238141	2238908
MTB	2239004	2239957
MTB	2240159	2242876
MTB	2242945	2243721
MTB	2243816	2245138
MTB	2245209	2246822
MTB	2246832	2247584
MTB	2247660	2248442
MTB	2248563	2249420
MTB	2249478	2250974
MTB	2250996	2251883
MTB	2252002	2255985
MTB	2256084	2256428
MTB	2256617	2257942
MTB	2258030	2258272
MTB	2258273	2258671
MTB	2258854	2259285
MTB	2259326	2259820
MTB	2261816	2263072
MTB	2263426	2264001
MTB	2263998	2265038
MTB	2265280	2265999
MTB	2265989	2266405
MTB	2266805	2267110
MTB	2267119	2267724
MTB	2267749	2268108
MTB	2268693	2270240
MTB	2270750	2271748
MTB	2271863	2272747
MTB	2272787	2274508
MTB	2274569	2275408
MTB	2275405	2276424
MTB	2276441	2278486
MTB	2278498	2278932
MTB	2279129	2280124
MTB	2280240	2281082
MTB	2281294	2281617
MTB	2281614	2282102
MTB	2282099	2282740
MTB	2282747	2283721
MTB	2283723	2284796
MTB	2284799	2285641
MTB	2285628	2286530
MTB	2286527	2287846
MTB	2287884	2288681
MTB	2288681	2289241
MTB	2289282	2289599
MTB	2289685	2291220
MTB	2291269	2291925
MTB	2291962	2294526
MTB	2294531	2306986
MTB	2307293	2307517
MTB	2307821	2308156
MTB	2308131	2310755
MTB	2310913	2312517
MTB	2312522	2313049
MTB	2313125	2313838
MTB	2314087	2314353
MTB	2314354	2314659
MTB	2314661	2314825
MTB	2314825	2315061
MTB	2315174	2316709
MTB	2316279	2316680
MTB	2316681	2317085
MTB	2317169	2320753
MTB	2320831	2321064
MTB	2321057	2321467
MTB	2321451	2322542
MTB	2322552	2323178
MTB	2323175	2324701
MTB	2324647	2325870
MTB	2325886	2326809
MTB	2326944	2327501
MTB	2327491	2328225
MTB	2328222	2328977
MTB	2328974	2330146
MTB	2330214	2330963
MTB	2330993	2331406
MTB	2331416	2332879
MTB	2333037	2333288
MTB	2333323	2334294
MTB	2334295	2334594
MTB	2335059	2335373
MTB	2335355	2337325
MTB	2337306	2337869
MTB	2338065	2338505
MTB	2338709	2340874
MTB	2340871	2341815
MTB	2341808	2342944
MTB	2343027	2343332
MTB	2343311	2343916
MTB	2344411	2346180
MTB	2346197	2347324
MTB	2347373	2348554
MTB	2348558	2349292
MTB	2349334	2352054
MTB	2352103	2353029
MTB	2353046	2353297
MTB	2353365	2354315
MTB	2354312	2355310
MTB	2355319	2356677
MTB	2358389	2360041
MTB	2360240	2363281
MTB	2363391	2364107
MTB	2364086	2364520
MTB	2364527	2364781
MTB	2364797	2365054
MTB	2367359	2367655
MTB	2367711	2368442
MTB	2368983	2369729
MTB	2369726	2370601
MTB	2370598	2370792
MTB	2370905	2372569
MTB	2372630	2373823
MTB	2373834	2374457
MTB	2374461	2376290
MTB	2376571	2377140
MTB	2377148	2377441
MTB	2377470	2378312
MTB	2378386	2379222
MTB	2379245	2379727
MTB	2379806	2380660
MTB	2380663	2380944
MTB	2381071	2382492
MTB	2382489	2386067
MTB	2386293	2387171
MTB	2387202	2387972
MTB	2388616	2390085
MTB	2390085	2390288
MTB	2390308	2391189
MTB	2391215	2392459
MTB	2392517	2393320
MTB	2393411	2393641
MTB	2393851	2394639
MTB	2394650	2395237
MTB	2395301	2396011
MTB	2396008	2396838
MTB	2396902	2397315
MTB	2397330	2398406
MTB	2398720	2399793
MTB	2399798	2400328
MTB	2400376	2401722
MTB	2402193	2402510
MTB	2402507	2402722
MTB	2402977	2404035
MTB	2404165	2404521
MTB	2404616	2405398
MTB	2405666	2405956
MTB	2406118	2406843
MTB	2406840	2407616
MTB	2407622	2408374
MTB	2408385	2409524
MTB	2409697	2410641
MTB	2410638	2412122
MTB	2412119	2413351
MTB	2413348	2414922
MTB	2414934	2416394
MTB	2416396	2417475
MTB	2417472	2419004
MTB	2419001	2420608
MTB	2420631	2421665
MTB	2422271	2423137
MTB	2423240	2424838
MTB	2425048	2427087
MTB	2427084	2428238
MTB	2428235	2429425
MTB	2429427	2429858
MTB	2431565	2431969
MTB	2432235	2432855
MTB	2432951	2433634
MTB	2433631	2434536
MTB	2434847	2435905
MTB	2435909	2437459
MTB	2437446	2437886
MTB	2437941	2439140
MTB	2439282	2439947
MTB	2440332	2441720
MTB	2441811	2442317
MTB	2442327	2443214
MTB	2443302	2444585
MTB	2444586	2445329
MTB	2445415	2445810
MTB	2445807	2446946
MTB	2447066	2447500
MTB	2447605	2447994
MTB	2448160	2449962
MTB	2449993	2451150
MTB	2451247	2452020
MTB	2452115	2453272
MTB	2453819	2455756
MTB	2455631	2456743
MTB	2456901	2457512
MTB	2457553	2458395
MTB	2458392	2459681
MTB	2459678	2461327
MTB	2461504	2462148
MTB	2462148	2463047
MTB	2463233	2463652
MTB	2463660	2464751
MTB	2464997	2466955
MTB	2467053	2468027
MTB	2468231	2468923
MTB	2468931	2469287
MTB	2469387	2470463
MTB	2470622	2471332
MTB	2471411	2472496
MTB	2472493	2473242
MTB	2473400	2474938
MTB	2474864	2475970
MTB	2476042	2477181
MTB	2477190	2478326
MTB	2478338	2479885
MTB	2479923	2481701
MTB	2481965	2483626
MTB	2483626	2484531
MTB	2484584	2485276
MTB	2485273	2486208
MTB	2486235	2486987
MTB	2486994	2487416
MTB	2487615	2489051
MTB	2489369	2492353
MTB	2492402	2493742
MTB	2493837	2495399
MTB	2495461	2497023
MTB	2497225	2497446
MTB	2497742	2498587
MTB	2498832	2500373
MTB	2500931	2501632
MTB	2501644	2502738
MTB	2502735	2503472
MTB	2503469	2504608
MTB	2504605	2505699
MTB	2505736	2506161
MTB	2506207	2506383
MTB	2506278	2507153
MTB	2507146	2507637
MTB	2507637	2508452
MTB	2508434	2509375
MTB	2509489	2510256
MTB	2510351	2510587
MTB	2510715	2511176
MTB	2511176	2511652
MTB	2511690	2512280
MTB	2512539	2515244
MTB	2515304	2516548
MTB	2516787	2517695
MTB	2517771	2518118
MTB	2518115	2519365
MTB	2519396	2520712
MTB	2520743	2522164
MTB	2522360	2523175
MTB	2523241	2524791
MTB	2524785	2525354
MTB	2525565	2526992
MTB	2526989	2527918
MTB	2527984	2528487
MTB	2528520	2528975
MTB	2528980	2529174
MTB	2529341	2529874
MTB	2530004	2530822
MTB	2530836	2531897
MTB	2532245	2533330
MTB	2533330	2533965
MTB	2535641	2536594
MTB	2536572	2538350
MTB	2538700	2539929
MTB	2540104	2541390
MTB	2541644	2542810
MTB	2542807	2544276
MTB	2544289	2544621
MTB	2544698	2545225
MTB	2545332	2545631
MTB	2545737	2546105
MTB	2546102	2546431
MTB	2546488	2546805
MTB	2546839	2547087
MTB	2546883	2547752
MTB	2547749	2548939
MTB	2549124	2550029
MTB	2553173	2554831
MTB	2554938	2555876
MTB	2555941	2556135
MTB	2556145	2557440
MTB	2557473	2558810
MTB	2558877	2559569
MTB	2559703	2561331
MTB	2561328	2561705
MTB	2561675	2562457
MTB	2562599	2563114
MTB	2563174	2564028
MTB	2564029	2564253
MTB	2564292	2565032
MTB	2565327	2566550
MTB	2566772	2567410
MTB	2567504	2568406
MTB	2568438	2568890
MTB	2569082	2570053
MTB	2570059	2572002
MTB	2572076	2573008
MTB	2573015	2573707
MTB	2573813	2574055
MTB	2574096	2575019
MTB	2575016	2575225
MTB	2575809	2577098
MTB	2577851	2578696
MTB	2579228	2579419
MTB	2579504	2579935
MTB	2580028	2580210
MTB	2580419	2581135
MTB	2581145	2581477
MTB	2583045	2583332
MTB	2583435	2583779
MTB	2583884	2584408
MTB	2584486	2584755
MTB	2585052	2585906
MTB	2585917	2587290
MTB	2587287	2588804
MTB	2588838	2589710
MTB	2589697	2590521
MTB	2590518	2591840
MTB	2591848	2592726
MTB	2592723	2594153
MTB	2595361	2596269
MTB	2596334	2596780
MTB	2597009	2597857
MTB	2597854	2599947
MTB	2599988	2600479
MTB	2600731	2601879
MTB	2601914	2603461
MTB	2603695	2604222
MTB	2604297	2604683
MTB	2604740	2605078
MTB	2605108	2606754
MTB	2606708	2608321
MTB	2608796	2609728
MTB	2609732	2610421
MTB	2610837	2611805
MTB	2611869	2612987
MTB	2613107	2614063
MTB	2614693	2617581
MTB	2617667	2618908
MTB	2619597	2620016
MTB	2620272	2620529
MTB	2620533	2622452
MTB	2622457	2623752
MTB	2623821	2625803
MTB	2625888	2626172
MTB	2626223	2626519
MTB	2626654	2626980
MTB	2627172	2628698
MTB	2628781	2630319
MTB	2630537	2632075
MTB	2632923	2634098
MTB	2634528	2635592
MTB	2639673	2641064
MTB	2641246	2641653
MTB	2641650	2642042
MTB	2642150	2642578
MTB	2642578	2643468
MTB	2643461	2644258
MTB	2644320	2645774
MTB	2645771	2646673
MTB	2646747	2647088
MTB	2647060	2648367
MTB	2648364	2648912
MTB	2648916	2649974
MTB	2649946	2650248
MTB	2650245	2651558
MTB	2651753	2651938
MTB	2652037	2652825
MTB	2652839	2653987
MTB	2654062	2655093
MTB	2655265	2655582
MTB	2655609	2656115
MTB	2656215	2656430
MTB	2656408	2657703
MTB	2657700	2662085
MTB	2662067	2667115
MTB	2667255	2670269
MTB	2670269	2671603
MTB	2671593	2675837
MTB	2675936	2677633
MTB	2677729	2678649
MTB	2678653	2680005
MTB	2680458	2680667
MTB	2680765	2682018
MTB	2682015	2683142
MTB	2683248	2683712
MTB	2683709	2684266
MTB	2684679	2686370
MTB	2686367	2687131
MTB	2687128	2687973
MTB	2688010	2689941
MTB	2690072	2692075
MTB	2692224	2692439
MTB	2692551	2692715
MTB	2692799	2693884
MTB	2693909	2694964
MTB	2694981	2695799
MTB	2695796	2696647
MTB	2696644	2697714
MTB	2697728	2698057
MTB	2698042	2698245
MTB	2698529	2700457
MTB	2700535	2701290
MTB	2701287	2703248
MTB	2703269	2703838
MTB	2704009	2704437
MTB	2704697	2705518
MTB	2705762	2706736
MTB	2706494	2707333
MTB	2707333	2708310
MTB	2708310	2709965
MTB	2710075	2710335
MTB	2710351	2711301
MTB	2711332	2712876
MTB	2712891	2713784
MTB	2714124	2715332
MTB	2715472	2716314
MTB	2716395	2717138
MTB	2717128	2717799
MTB	2717796	2718176
MTB	2718173	2718808
MTB	2719083	2719355
MTB	2719597	2720643
MTB	2720776	2721777
MTB	2721866	2723308
MTB	2723308	2724183
MTB	2724230	2725477
MTB	2726193	2726780
MTB	2726806	2727339
MTB	2727336	2727920
MTB	2727967	2728266
MTB	2728437	2728847
MTB	2728844	2729134
MTB	2729115	2730560
MTB	2730557	2732749
MTB	2733230	2734144
MTB	2734376	2734795
MTB	2734792	2736831
MTB	2736709	2736987
MTB	2737117	2738247
MTB	2738247	2739686
MTB	2739772	2740032
MTB	2740047	2740361
MTB	2740709	2742184
MTB	2742123	2744984
MTB	2745314	2745724
MTB	2745767	2746138
MTB	2746135	2747598
MTB	2747595	2750225
MTB	2750313	2751572
MTB	2751662	2752180
MTB	2752262	2752660
MTB	2752848	2752994
MTB	2753018	2753623
MTB	2753625	2754746
MTB	2754743	2756704
MTB	2756936	2758192
MTB	2758208	2759488
MTB	2759779	2760687
MTB	2760854	2762380
MTB	2762531	2763175
MTB	2763172	2763774
MTB	2763891	2765291
MTB	2765655	2766839
MTB	2766859	2767665
MTB	2767671	2768159
MTB	2768261	2768884
MTB	2768986	2771571
MTB	2771644	2772147
MTB	2772098	2772331
MTB	2772367	2773035
MTB	2773178	2773564
MTB	2773564	2775204
MTB	2775272	2775565
MTB	2775568	2776284
MTB	2776316	2776969
MTB	2776975	2777391
MTB	2777388	2782262
MTB	2782366	2784042
MTB	2784123	2784608
MTB	2786575	2786898
MTB	2786914	2789283
MTB	2789280	2791022
MTB	2791019	2792494
MTB	2792723	2793988
MTB	2794350	2795120
MTB	2795301	2797385
MTB	2797467	2800880
MTB	2800846	2801145
MTB	2801254	2806236
MTB	2806323	2806529
MTB	2806665	2807288
MTB	2807278	2808030
MTB	2808083	2808304
MTB	2808310	2808735
MTB	2808758	2809939
MTB	2809936	2810982
MTB	2810993	2812096
MTB	2812355	2813176
MTB	2813173	2813730
MTB	2813727	2814911
MTB	2814916	2816880
MTB	2816885	2818474
MTB	2818471	2819127
MTB	2819124	2819870
MTB	2819953	2821596
MTB	2821712	2822359
MTB	2822438	2823259
MTB	2823256	2824593
MTB	2824678	2825484
MTB	2825488	2827089
MTB	2827157	2827804
MTB	2828556	2829803
MTB	2829954	2830139
MTB	2830161	2830583
MTB	2830877	2831338
MTB	2831344	2832591
MTB	2832710	2833513
MTB	2833510	2833761
MTB	2834109	2835335
MTB	2835785	2837263
MTB	2837388	2837615
MTB	2837684	2838157
MTB	2838129	2839541
MTB	2839538	2839930
MTB	2840123	2849332
MTB	2849852	2850574
MTB	2851091	2851318
MTB	2851315	2851716
MTB	2851751	2852671
MTB	2852875	2854266
MTB	2854267	2854686
MTB	2854683	2854907
MTB	2854938	2857781
MTB	2857853	2858254
MTB	2858254	2858724
MTB	2858727	2859290
MTB	2859300	2860418
MTB	2860452	2861144
MTB	2861148	2861591
MTB	2861588	2862676
MTB	2862673	2863203
MTB	2863207	2864412
MTB	2864427	2864834
MTB	2865130	2866341
MTB	2866468	2867127
MTB	2867124	2867786
MTB	2867783	2868061
MTB	2868154	2868567
MTB	2868606	2868863
MTB	2868860	2869237
MTB	2869253	2869627
MTB	2869727	2870122
MTB	2870119	2870364
MTB	2870775	2871194
MTB	2871206	2872015
MTB	2872012	2873265
MTB	2873258	2873770
MTB	2873771	2876485
MTB	2876576	2876965
MTB	2877072	2877746
MTB	2877831	2878541
MTB	2878571	2879929
MTB	2880075	2881052
MTB	2882290	2883339
MTB	2883342	2884334
MTB	2884611	2886362
MTB	2886373	2889795
MTB	2889795	2892449
MTB	2892446	2893471
MTB	2893464	2894408
MTB	2894512	2894901
MTB	2894893	2895960
MTB	2896013	2897803
MTB	2898043	2898783
MTB	2898806	2899309
MTB	2899339	2900220
MTB	2900226	2900690
MTB	2900918	2902507
MTB	2902509	2903531
MTB	2903639	2904541
MTB	2904821	2906092
MTB	2906089	2906763
MTB	2906814	2907740
MTB	2907826	2910198
MTB	2910229	2910900
MTB	2911004	2912677
MTB	2912683	2914011
MTB	2914015	2915736
MTB	2915846	2916193
MTB	2916360	2917709
MTB	2917871	2921377
MTB	2921551	2923182
MTB	2923199	2924233
MTB	2924230	2924820
MTB	2924817	2925383
MTB	2925492	2925737
MTB	2925734	2926138
MTB	2926355	2926975
MTB	2926986	2927480
MTB	2927477	2927908
MTB	2927990	2928391
MTB	2928388	2929959
MTB	2930070	2930357
MTB	2930344	2930784
MTB	2930805	2931560
MTB	2931693	2932289
MTB	2932297	2933142
MTB	2933171	2934070
MTB	2934198	2934872
MTB	2935046	2936788
MTB	2936810	2937865
MTB	2937865	2939001
MTB	2939012	2939962
MTB	2939959	2940612
MTB	2940609	2941196
MTB	2941189	2943267
MTB	2943376	2943603
MTB	2943600	2944985
MTB	2945330	2945830
MTB	2945847	2946287
MTB	2946434	2947111
MTB	2947096	2947449
MTB	2947462	2947887
MTB	2947884	2948558
MTB	2948636	2949457
MTB	2949593	2950486
MTB	2950489	2951307
MTB	2951322	2952503
MTB	2952562	2952993
MTB	2953507	2954748
MTB	2955058	2955420
MTB	2955767	2956891
MTB	2956893	2957432
MTB	2957572	2958870
MTB	2958909	2959190
MTB	2959335	2959820
MTB	2960105	2962441
MTB	2962470	2962712
MTB	2962713	2963390
MTB	2963586	2964242
MTB	2964405	2964851
MTB	2965026	2965358
MTB	2965478	2965837
MTB	2965939	2966397
MTB	2966533	2966913
MTB	2966910	2968406
MTB	2968533	2968850
MTB	2970123	2970554
MTB	2970551	2971549
MTB	2971563	2972027
MTB	2973795	2975234
MTB	2975242	2975775
MTB	2975928	2976554
MTB	2976586	2976909
MTB	2976989	2977234
MTB	2977231	2978658
MTB	2978660	2979052
MTB	2979049	2979309
MTB	2979326	2979688
MTB	2979691	2980818
MTB	2980963	2981190
MTB	2981187	2981576
MTB	2981482	2981754
MTB	2981853	2982086
MTB	2982097	2982351
MTB	2982699	2982980
MTB	2983896	2984654
MTB	2984733	2985254
MTB	2985283	2985753
MTB	2985731	2986840
MTB	2986839	2987615
MTB	2987682	2989268
MTB	2989291	2990592
MTB	2990706	2991116
MTB	2991184	2991936
MTB	2991933	2992628
MTB	2992634	2993992
MTB	2993989	2995062
MTB	2995115	2995945
MTB	2996105	2996737
MTB	2996739	2998055
MTB	2998052	2999968
MTB	3000112	3000609
MTB	3000614	3001903
MTB	3001983	3003269
MTB	3003280	3004038
MTB	3004035	3004748
MTB	3004745	3005650
MTB	3005845	3007062
MTB	3007236	3009209
MTB	3009344	3010027
MTB	3010024	3010686
MTB	3010697	3011368
MTB	3011399	3011767
MTB	3011916	3012623
MTB	3012829	3013608
MTB	3013683	3014147
MTB	3014173	3014658
MTB	3014663	3014965
MTB	3015203	3015853
MTB	3015863	3016735
MTB	3016858	3017655
MTB	3017835	3019421
MTB	3019458	3019886
MTB	3019814	3020203
MTB	3020200	3020457
MTB	3020573	3021547
MTB	3021548	3021796
MTB	3021839	3022285
MTB	3022461	3023432
MTB	3023565	3024257
MTB	3024270	3025328
MTB	3025441	3026847
MTB	3027065	3028039
MTB	3028098	3029123
MTB	3029172	3029858
MTB	3029867	3030361
MTB	3030413	3030877
MTB	3031040	3031537
MTB	3031788	3032498
MTB	3032520	3034619
MTB	3034635	3034883
MTB	3034909	3036102
MTB	3036131	3037291
MTB	3037427	3038914
MTB	3038931	3039800
MTB	3039825	3040769
MTB	3040766	3041461
MTB	3041570	3042475
MTB	3042542	3043018
MTB	3043026	3044378
MTB	3044375	3044989
MTB	3044986	3046524
MTB	3046821	3047675
MTB	3047560	3048552
MTB	3048562	3049086
MTB	3049052	3051424
MTB	3051806	3052012
MTB	3052023	3053189
MTB	3053233	3053682
MTB	3053914	3055491
MTB	3055515	3056348
MTB	3056420	3057232
MTB	3057251	3058063
MTB	3058193	3058531
MTB	3058602	3059231
MTB	3059262	3059786
MTB	3059855	3062506
MTB	3062505	3062819
MTB	3062816	3063634
MTB	3063638	3064528
MTB	3064515	3066191
MTB	3066222	3067124
MTB	3067193	3067945
MTB	3068461	3070083
MTB	3070170	3070586
MTB	3070583	3070849
MTB	3070875	3071270
MTB	3071267	3071536
MTB	3071546	3072640
MTB	3072637	3073056
MTB	3073130	3073609
MTB	3073680	3074471
MTB	3074636	3075373
MTB	3075588	3076370
MTB	3076367	3076720
MTB	3076894	3078078
MTB	3078158	3078985
MTB	3079309	3080457
MTB	3080581	3081033
MTB	3081119	3081592
MTB	3081604	3082341
MTB	3082352	3082756
MTB	3082909	3083370
MTB	3083374	3084303
MTB	3084485	3085555
MTB	3085713	3086183
MTB	3086215	3086754
MTB	3086820	3087935
MTB	3087950	3088984
MTB	3089045	3090361
MTB	3090339	3092597
MTB	3092951	3093466
MTB	3093479	3093748
MTB	3093905	3094900
MTB	3095111	3096874
MTB	3096959	3097645
MTB	3097706	3098938
MTB	3098964	3100169
MTB	3100202	3101581
MTB	3101581	3102162
MTB	3102364	3103260
MTB	3103257	3103940
MTB	3103937	3104911
MTB	3105056	3105619
MTB	3105619	3107307
MTB	3107311	3107637
MTB	3107768	3108397
MTB	3108416	3110065
MTB	3110167	3110523
MTB	3110507	3110737
MTB	3110780	3111823
MTB	3111822	3112289
MTB	3112465	3113094
MTB	3112867	3113271
MTB	3113268	3113459
MTB	3113658	3114812
MTB	3115046	3115303
MTB	3115408	3115719
MTB	3116139	3116747
MTB	3116818	3118227
MTB	3118224	3119036
MTB	3123625	3123966
MTB	3123967	3124983
MTB	3124996	3126144
MTB	3126240	3127367
MTB	3127364	3128272
MTB	3128253	3128963
MTB	3128973	3129347
MTB	3129344	3131773
MTB	3131770	3132714
MTB	3132892	3133539
MTB	3133709	3134593
MTB	3134596	3135483
MTB	3135788	3136333
MTB	3136330	3136599
MTB	3136620	3137012
MTB	3137009	3137224
MTB	3137271	3138020
MTB	3138099	3139181
MTB	3139174	3140484
MTB	3140487	3141314
MTB	3141311	3142222
MTB	3142309	3143628
MTB	3143635	3144645
MTB	3144620	3145171
MTB	3145171	3147873
MTB	3147959	3148258
MTB	3148385	3149428
MTB	3149425	3149976
MTB	3150171	3150716
MTB	3150713	3151201
MTB	3151202	3152950
MTB	3153039	3154631
MTB	3154654	3155871
MTB	3156148	3157521
MTB	3157521	3158144
MTB	3158165	3160054
MTB	3160051	3160521
MTB	3160580	3162061
MTB	3162268	3164115
MTB	3164152	3165192
MTB	3165205	3166584
MTB	3166684	3167802
MTB	3168583	3169359
MTB	3169356	3170723
MTB	3170720	3171646
MTB	3171627	3173000
MTB	3173160	3174017
MTB	3174059	3174643
MTB	3174747	3174995
MTB	3174992	3175372
MTB	3175454	3177265
MTB	3177537	3177818
MTB	3177822	3178085
MTB	3178458	3179312
MTB	3179368	3180531
MTB	3180548	3181762
MTB	3181770	3183011
MTB	3183138	3183395
MTB	3183382	3183825
MTB	3183905	3184567
MTB	3184847	3186934
MTB	3187030	3187611
MTB	3187663	3187977
MTB	3188008	3188871
MTB	3188876	3189397
MTB	3190701	3191621
MTB	3191644	3192201
MTB	3192373	3193158
MTB	3193393	3194151
MTB	3194166	3195548
MTB	3195545	3196432
MTB	3196431	3196850
MTB	3196864	3198285
MTB	3198292	3199107
MTB	3199119	3199982
MTB	3200266	3201015
MTB	3200794	3202020
MTB	3202420	3203397
MTB	3203394	3204290
MTB	3204381	3205232
MTB	3205265	3206434
MTB	3206431	3207942
MTB	3207942	3208328
MTB	3208576	3209406
MTB	3209406	3211745
MTB	3211803	3212108
MTB	3212162	3212956
MTB	3212970	3213854
MTB	3213912	3214253
MTB	3214628	3215572
MTB	3215665	3216357
MTB	3216361	3216891
MTB	3216905	3217147
MTB	3217155	3217643
MTB	3217827	3218270
MTB	3218339	3219214
MTB	3219274	3219861
MTB	3219863	3221698
MTB	3221767	3223524
MTB	3223568	3224680
MTB	3224708	3226285
MTB	3226363	3228243
MTB	3228254	3230680
MTB	3230738	3231076
MTB	3231073	3232506
MTB	3232871	3234139
MTB	3234189	3237806
MTB	3237818	3238099
MTB	3238086	3238499
MTB	3238601	3239470
MTB	3239829	3240551
MTB	3240548	3241171
MTB	3241222	3241959
MTB	3242198	3242983
MTB	3242970	3243281
MTB	3243697	3245448
MTB	3245445	3251075
MTB	3251072	3255688
MTB	3255685	3262251
MTB	3262248	3267731
MTB	3267737	3272203
MTB	3272214	3273209
MTB	3273206	3274075
MTB	3274072	3274902
MTB	3274949	3276217
MTB	3276380	3282715
MTB	3283335	3285077
MTB	3285070	3287832
MTB	3288464	3289705
MTB	3289705	3290235
MTB	3289790	3290506
MTB	3290624	3291325
MTB	3291503	3296353
MTB	3296350	3297840
MTB	3297837	3299954
MTB	3299971	3300570
MTB	3300596	3302455
MTB	3303103	3304248
MTB	3304441	3305253
MTB	3305279	3306535
MTB	3306666	3307391
MTB	3307580	3308545
MTB	3308668	3309399
MTB	3309470	3310297
MTB	3310714	3312000
MTB	3312101	3312838
MTB	3312953	3313201
MTB	3313283	3313672
MTB	3313773	3315122
MTB	3315236	3316456
MTB	3316529	3317461
MTB	3318330	3318815
MTB	3318901	3319467
MTB	3319663	3323046
MTB	3323071	3323703
MTB	3323709	3324476
MTB	3324573	3325703
MTB	3325934	3326104
MTB	3326101	3326949
MTB	3327023	3327736
MTB	3327733	3329946
MTB	3329949	3331361
MTB	3331358	3331612
MTB	3331854	3332048
MTB	3332071	3332754
MTB	3332787	3333788
MTB	3333785	3335164
MTB	3335164	3335748
MTB	3335960	3336505
MTB	3336796	3337917
MTB	3337995	3338999
MTB	3339118	3339762
MTB	3339854	3342082
MTB	3342165	3343118
MTB	3343176	3343820
MTB	3344033	3344629
MTB	3344654	3346075
MTB	3346147	3346848
MTB	3346859	3347719
MTB	3347982	3348473
MTB	3348805	3350277
MTB	3350274	3350993
MTB	3351269	3352606
MTB	3352458	3353468
MTB	3353483	3355069
MTB	3355099	3356541
MTB	3356815	3357276
MTB	3357602	3358567
MTB	3358612	3359271
MTB	3359585	3360586
MTB	3360624	3361130
MTB	3361130	3362986
MTB	3363348	3363686
MTB	3363693	3364532
MTB	3364709	3365830
MTB	3365836	3366450
MTB	3366644	3367267
MTB	3367264	3368793
MTB	3368823	3369854
MTB	3369950	3371434
MTB	3371431	3371730
MTB	3371815	3372471
MTB	3372545	3374620
MTB	3374651	3375664
MTB	3375758	3376387
MTB	3376490	3376852
MTB	3376939	3378243
MTB	3378711	3379001
MTB	3379036	3379329
MTB	3380679	3380993
MTB	3381375	3382622
MTB	3382785	3383888
MTB	3383885	3385066
MTB	3385163	3386077
MTB	3386074	3386919
MTB	3387075	3388031
MTB	3388070	3388870
MTB	3389101	3389925
MTB	3389922	3391502
MTB	3391534	3392778
MTB	3392812	3393201
MTB	3393380	3393928
MTB	3394019	3394921
MTB	3395379	3396461
MTB	3396458	3397141
MTB	3397214	3398290
MTB	3398425	3399408
MTB	3399419	3400183
MTB	3400192	3401058
MTB	3401055	3401918
MTB	3401933	3403162
MTB	3403200	3404921
MTB	3405136	3406215
MTB	3406285	3407325
MTB	3407314	3407688
MTB	3408022	3408306
MTB	3408404	3409378
MTB	3409509	3411083
MTB	3411217	3411957
MTB	3412085	3414166
MTB	3414232	3414684
MTB	3414719	3414958
MTB	3415435	3415989
MTB	3416081	3416695
MTB	3416705	3417745
MTB	3417799	3418662
MTB	3418726	3419376
MTB	3419492	3420970
MTB	3421741	3423213
MTB	3423262	3425427
MTB	3425584	3427107
MTB	3427243	3429519
MTB	3429825	3430250
MTB	3430387	3430710
MTB	3430707	3431315
MTB	3431428	3431838
MTB	3431979	3433622
MTB	3433692	3434090
MTB	3434087	3434467
MTB	3434464	3435573
MTB	3435798	3436322
MTB	3436329	3436685
MTB	3436779	3438053
MTB	3438050	3438973
MTB	3439072	3439548
MTB	3439541	3441352
MTB	3441353	3441754
MTB	3441770	3442597
MTB	3442656	3445988
MTB	3446040	3447278
MTB	3447404	3448426
MTB	3448504	3449991
MTB	3449997	3450923
MTB	3450920	3451750
MTB	3451781	3452887
MTB	3452925	3454343
MTB	3454340	3455764
MTB	3455761	3457272
MTB	3458211	3459098
MTB	3459116	3460807
MTB	3460814	3461734
MTB	3461760	3462764
MTB	3462761	3463891
MTB	3463973	3464449
MTB	3464547	3465686
MTB	3465778	3467091
MTB	3467210	3467662
MTB	3467606	3467926
MTB	3468413	3469264
MTB	3469301	3469783
MTB	3469786	3470679
MTB	3470680	3471369
MTB	3471413	3471850
MTB	3471852	3472778
MTB	3472768	3473904
MTB	3474007	3475377
MTB	3475378	3476961
MTB	3477060	3477500
MTB	3477649	3478728
MTB	3478779	3479174
MTB	3479171	3479683
MTB	3479700	3479951
MTB	3480074	3480742
MTB	3480759	3481289
MTB	3481451	3482698
MTB	3482776	3483945
MTB	3483974	3484807
MTB	3484809	3485111
MTB	3485132	3485575
MTB	3485572	3486174
MTB	3486509	3487711
MTB	3488089	3488559
MTB	3488569	3489063
MTB	3489506	3490375
MTB	3490476	3491651
MTB	3491808	3492122
MTB	3492147	3493181
MTB	3494975	3496366
MTB	3496551	3497549
MTB	3497529	3499265
MTB	3499262	3499915
MTB	3499943	3500749
MTB	3501334	3501732
MTB	3501794	3502936
MTB	3502945	3503277
MTB	3503393	3504175
MTB	3504195	3505283
MTB	3505363	3506769
MTB	3506790	3507995
MTB	3508095	3509066
MTB	3509118	3509546
MTB	3509654	3510055
MTB	3510088	3511317
MTB	3511682	3512068
MTB	3512077	3512631
MTB	3512628	3513338
MTB	3513338	3514660
MTB	3514657	3515415
MTB	3515412	3516749
MTB	3516746	3519166
MTB	3519282	3520514
MTB	3520507	3521142
MTB	3521139	3521927
MTB	3521924	3522223
MTB	3522234	3524135
MTB	3524132	3525793
MTB	3525790	3527385
MTB	3527391	3529163
MTB	3529338	3529979
MTB	3529990	3531138
MTB	3531208	3531645
MTB	3531642	3532913
MTB	3532943	3533905
MTB	3533913	3534395
MTB	3534392	3535351
MTB	3535431	3536057
MTB	3536102	3537238
MTB	3537238	3538362
MTB	3538505	3539851
MTB	3539846	3540745
MTB	3540882	3541364
MTB	3541443	3542045
MTB	3542138	3542845
MTB	3542860	3544347
MTB	3544344	3545300
MTB	3545447	3546307
MTB	3546438	3546797
MTB	3547037	3547330
MTB	3547618	3548907
MTB	3549254	3549688
MTB	3549691	3550143
MTB	3550374	3550718
MTB	3550715	3551044
MTB	3554298	3554645
MTB	3554642	3555262
MTB	3555422	3556687
MTB	3556855	3557064
MTB	3557311	3558345
MTB	3559563	3560024
MTB	3560194	3563172
MTB	3563264	3564286
MTB	3564364	3565782
MTB	3565788	3566687
MTB	3566696	3566896
MTB	3567024	3568367
MTB	3568401	3568679
MTB	3569109	3571211
MTB	3571335	3571589
MTB	3571602	3572543
MTB	3572602	3573669
MTB	3573731	3577036
MTB	3577033	3580200
MTB	3580286	3580495
MTB	3580638	3581312
MTB	3581315	3581620
MTB	3581627	3582505
MTB	3582532	3583710
MTB	3583801	3584658
MTB	3585004	3585690
MTB	3585677	3585949
MTB	3586274	3586834
MTB	3586844	3587539
MTB	3587798	3589381
MTB	3589394	3590617
MTB	3590692	3591492
MTB	3591646	3592257
MTB	3592254	3593372
MTB	3593804	3594235
MTB	3594468	3595433
MTB	3595713	3595967
MTB	3596029	3597534
MTB	3597551	3597766
MTB	3598051	3598356
MTB	3598353	3598904
MTB	3598901	3599551
MTB	3599851	3600699
MTB	3601016	3602440
MTB	3602564	3603322
MTB	3603377	3604729
MTB	3604726	3605718
MTB	3605751	3607034
MTB	3607112	3608254
MTB	3608364	3608873
MTB	3608870	3609757
MTB	3610374	3611189
MTB	3611300	3611941
MTB	3611959	3613116
MTB	3613121	3613603
MTB	3613664	3614398
MTB	3614457	3617603
MTB	3617682	3620531
MTB	3620610	3621254
MTB	3621570	3622211
MTB	3622249	3623091
MTB	3623159	3624910
MTB	3624910	3626613
MTB	3626663	3627349
MTB	3627419	3628063
MTB	3628160	3629647
MTB	3629752	3630387
MTB	3630384	3630566
MTB	3630571	3630738
MTB	3630738	3631988
MTB	3632097	3633584
MTB	3633675	3635063
MTB	3635041	3636267
MTB	3636275	3637315
MTB	3637312	3638709
MTB	3638811	3639302
MTB	3639425	3639844
MTB	3639872	3640141
MTB	3640543	3641538
MTB	3641535	3642881
MTB	3643177	3644838
MTB	3644898	3645977
MTB	3645979	3646884
MTB	3646895	3647809
MTB	3647885	3649381
MTB	3649420	3650109
MTB	3650234	3650515
MTB	3650526	3652682
MTB	3652679	3653347
MTB	3653448	3654632
MTB	3654637	3656931
MTB	3656920	3658089
MTB	3658114	3658638
MTB	3658635	3659924
MTB	3659878	3660696
MTB	3660651	3661169
MTB	3661212	3662012
MTB	3662062	3663708
MTB	3663689	3664222
MTB	3664219	3664887
MTB	3664928	3665821
MTB	3665818	3666249
MTB	3666357	3668159
MTB	3668169	3668954
MTB	3668951	3669388
MTB	3669586	3669999
MTB	3670034	3670411
MTB	3670445	3671794
MTB	3671845	3672297
MTB	3672328	3673575
MTB	3673602	3675086
MTB	3675186	3675995
MTB	3676066	3676731
MTB	3676775	3681316
MTB	3681320	3682087
MTB	3682110	3683024
MTB	3683051	3685963
MTB	3685983	3686900
MTB	3686912	3687577
MTB	3687685	3689442
MTB	3689457	3690938
MTB	3691141	3691620
MTB	3691639	3692808
MTB	3692805	3693989
MTB	3694054	3694860
MTB	3694864	3696468
MTB	3696470	3697093
MTB	3697198	3698097
MTB	3698121	3699383
MTB	3699404	3700330
MTB	3700356	3700526
MTB	3700705	3701016
MTB	3701087	3702184
MTB	3702184	3703467
MTB	3703464	3703865
MTB	3704102	3704440
MTB	3704437	3704871
MTB	3705000	3706772
MTB	3706772	3707563
MTB	3707642	3708070
MTB	3708074	3708316
MTB	3708438	3709052
MTB	3709049	3709714
MTB	3709715	3710248
MTB	3711749	3713461
MTB	3713394	3714332
MTB	3714392	3715708
MTB	3715777	3716994
MTB	3717090	3718598
MTB	3718595	3719746
MTB	3719937	3720782
MTB	3721257	3721697
MTB	3721731	3722600
MTB	3722621	3723631
MTB	3724615	3725844
MTB	3726127	3727476
MTB	3727488	3728627
MTB	3728624	3729355
MTB	3729364	3736935
MTB	3736984	3738000
MTB	3738158	3742774
MTB	3743198	3743455
MTB	3743711	3753184
MTB	3753765	3754256
MTB	3754293	3755237
MTB	3755952	3767102
MTB	3767346	3768140
MTB	3768222	3768593
MTB	3768736	3768996
MTB	3769111	3769500
MTB	3769514	3769807
MTB	3769804	3770649
MTB	3770773	3771048
MTB	3771045	3771302
MTB	3771344	3772534
MTB	3772651	3773019
MTB	3773016	3773567
MTB	3773574	3774155
MTB	3774136	3774504
MTB	3774482	3774874
MTB	3774871	3777501
MTB	3777737	3778201
MTB	3778568	3780334
MTB	3780335	3780979
MTB	3780978	3781412
MTB	3781501	3784740
MTB	3784932	3786272
MTB	3786314	3787489
MTB	3787726	3788367
MTB	3788621	3790048
MTB	3790156	3790809
MTB	3790848	3792353
MTB	3792358	3793248
MTB	3793257	3794867
MTB	3796448	3797437
MTB	3797437	3798489
MTB	3799243	3799635
MTB	3799635	3799943
MTB	3800092	3800796
MTB	3800786	3801463
MTB	3801653	3803848
MTB	3803919	3804791
MTB	3804865	3805575
MTB	3805621	3807573
MTB	3807574	3808437
MTB	3808461	3809387
MTB	3809442	3811025
MTB	3811022	3811636
MTB	3811719	3812345
MTB	3812501	3814078
MTB	3814090	3814998
MTB	3815027	3816106
MTB	3816129	3817175
MTB	3817239	3818027
MTB	3818042	3820402
MTB	3820653	3821891
MTB	3822262	3823863
MTB	3823880	3824584
MTB	3824702	3825268
MTB	3825330	3826217
MTB	3826252	3826551
MTB	3826548	3826958
MTB	3826991	3828727
MTB	3828783	3829910
MTB	3829930	3831519
MTB	3831726	3832136
MTB	3832146	3833045
MTB	3833038	3833676
MTB	3833694	3834521
MTB	3834892	3835200
MTB	3835272	3836891
MTB	3836986	3837288
MTB	3837555	3838589
MTB	3838586	3839062
MTB	3839059	3839694
MTB	3839691	3840197
MTB	3840194	3841420
MTB	3841714	3842076
MTB	3842239	3842769
MTB	3843036	3843734
MTB	3843885	3844640
MTB	3844738	3845970
MTB	3847165	3847701
MTB	3847642	3848805
MTB	3848844	3848999
MTB	3850372	3851754
MTB	3851792	3853213
MTB	3853215	3853928
MTB	3853939	3854793
MTB	3855015	3856889
MTB	3856911	3857387
MTB	3857397	3858239
MTB	3858259	3859662
MTB	3859665	3859976
MTB	3860024	3861370
MTB	3861495	3861950
MTB	3861947	3862390
MTB	3862624	3862926
MTB	3862947	3863264
MTB	3863317	3864531
MTB	3864528	3868238
MTB	3868352	3869755
MTB	3869752	3871119
MTB	3871084	3872496
MTB	3872617	3873405
MTB	3873452	3874132
MTB	3876052	3876822
MTB	3876890	3877432
MTB	3877464	3878507
MTB	3878659	3879264
MTB	3879273	3879692
MTB	3879696	3880070
MTB	3880286	3880399
MTB	3880432	3880653
MTB	3880907	3881764
MTB	3881837	3882832
MTB	3882834	3883442
MTB	3883525	3884193
MTB	3883964	3884917
MTB	3884975	3886069
MTB	3886073	3887083
MTB	3887144	3888802
MTB	3888808	3889341
MTB	3889362	3889868
MTB	3889948	3890733
MTB	3894093	3894389
MTB	3894426	3895607
MTB	3895820	3898885
MTB	3898909	3900402
MTB	3900493	3901182
MTB	3901324	3902106
MTB	3902150	3902812
MTB	3903078	3904616
MTB	3904622	3905566
MTB	3905772	3906221
MTB	3906174	3907007
MTB	3907667	3907990
MTB	3908072	3908236
MTB	3908236	3909738
MTB	3909890	3910468
MTB	3910465	3910947
MTB	3910947	3911675
MTB	3911675	3913369
MTB	3913380	3914534
MTB	3914531	3915886
MTB	3915883	3916956
MTB	3916946	3917998
MTB	3917998	3919200
MTB	3919220	3920062
MTB	3920097	3920861
MTB	3921087	3922040
MTB	3922065	3922256
MTB	3922471	3923673
MTB	3923698	3924819
MTB	3924890	3926398
MTB	3926569	3930714
MTB	3931005	3936710
MTB	3936877	3938424
MTB	3938421	3939257
MTB	3939617	3941761
MTB	3943812	3944963
MTB	3945092	3945748
MTB	3945794	3950263
MTB	3950824	3952470
MTB	3952544	3953335
MTB	3953431	3954270
MTB	3954325	3955521
MTB	3955550	3956260
MTB	3956325	3957368
MTB	3957521	3958432
MTB	3958448	3959512
MTB	3959529	3960713
MTB	3960755	3961786
MTB	3961800	3962324
MTB	3962439	3963599
MTB	3963605	3964054
MTB	3964479	3965192
MTB	3965884	3967038
MTB	3967038	3967820
MTB	3967817	3968944
MTB	3969343	3970563
MTB	3970705	3972453
MTB	3972552	3973592
MTB	3973589	3974500
MTB	3974511	3975296
MTB	3975369	3977060
MTB	3977062	3977922
MTB	3978059	3979498
MTB	3979499	3980659
MTB	3980659	3981048
MTB	3981045	3981980
MTB	3981977	3983140
MTB	3983125	3984144
MTB	3984144	3985445
MTB	3985557	3986732
MTB	3986844	3987299
MTB	3987382	3988296
MTB	3988319	3989098
MTB	3989153	3989896
MTB	3989896	3990774
MTB	3990771	3991523
MTB	3991621	3992688
MTB	3992685	3994742
MTB	3994830	3995699
MTB	3995804	3996964
MTB	3997029	3997631
MTB	3997980	3999638
MTB	3999647	4000435
MTB	4000432	4001589
MTB	4001637	4003160
MTB	4003161	4004294
MTB	4004291	4005250
MTB	4005247	4006203
MTB	4006200	4007366
MTB	4007331	4008182
MTB	4008167	4008433
MTB	4008719	4009282
MTB	4009297	4010199
MTB	4010196	4011071
MTB	4011086	4012270
MTB	4012417	4013493
MTB	4013511	4014041
MTB	4014077	4016212
MTB	4016484	4017083
MTB	4017089	4018168
MTB	4018358	4019071
MTB	4019262	4020128
MTB	4020142	4021383
MTB	4021425	4022393
MTB	4022394	4023803
MTB	4023868	4024347
MTB	4024344	4025039
MTB	4025056	4025544
MTB	4025830	4026378
MTB	4026444	4027886
MTB	4027891	4028967
MTB	4028968	4029762
MTB	4029871	4030494
MTB	4030493	4031407
MTB	4031404	4033158
MTB	4033269	4034042
MTB	4034057	4034374
MTB	4034352	4035710
MTB	4035857	4036684
MTB	4036731	4038050
MTB	4038158	4040704
MTB	4040981	4041319
MTB	4041423	4042940
MTB	4043041	4043859
MTB	4043862	4044281
MTB	4044281	4045210
MTB	4045207	4046118
MTB	4046303	4047496
MTB	4047705	4048181
MTB	4048181	4048747
MTB	4048744	4049145
MTB	4049138	4049980
MTB	4049977	4050585
MTB	4050601	4052883
MTB	4053518	4053847
MTB	4053881	4054042
MTB	4054142	4054696
MTB	4054812	4055123
MTB	4055197	4056375
MTB	4057733	4058701
MTB	4058698	4059885
MTB	4059984	4060268
MTB	4060295	4060591
MTB	4060648	4061889
MTB	4061899	4062198
MTB	4062527	4063249
MTB	4063254	4063904
MTB	4063901	4064872
MTB	4064851	4065903
MTB	4065900	4067285
MTB	4067423	4067911
MTB	4067957	4069054
MTB	4069175	4070470
MTB	4070514	4071239
MTB	4071236	4071580
MTB	4071791	4072666
MTB	4072667	4073611
MTB	4073634	4075409
MTB	4076984	4077730
MTB	4077884	4078450
MTB	4078520	4079749
MTB	4079925	4080560
MTB	4080571	4080765
MTB	4081160	4081351
MTB	4081516	4082721
MTB	4082807	4084456
MTB	4084453	4087257
MTB	4087610	4088188
MTB	4088328	4088531
MTB	4088781	4091096
MTB	4091233	4091517
MTB	4091841	4092878
MTB	4093632	4093946
MTB	4093940	4094527
MTB	4094660	4094983
MTB	4094923	4095300
MTB	4095324	4095530
MTB	4095540	4096115
MTB	4096139	4096939
MTB	4096936	4097994
MTB	4098096	4099148
MTB	4099647	4100510
MTB	4101265	4102035
MTB	4102032	4103678
MTB	4103675	4104475
MTB	4104531	4105457
MTB	4105459	4107084
MTB	4107792	4109747
MTB	4109783	4110481
MTB	4110827	4111345
MTB	4111346	4112329
MTB	4112322	4113515
MTB	4113521	4114342
MTB	4114474	4115157
MTB	4115157	4115894
MTB	4116002	4116379
MTB	4116478	4117152
MTB	4117258	4118052
MTB	4118059	4118514
MTB	4118530	4118691
MTB	4118776	4119798
MTB	4119795	4120955
MTB	4121198	4121554
MTB	4121916	4124348
MTB	4124417	4125376
MTB	4125439	4126479
MTB	4127295	4128725
MTB	4128751	4129083
MTB	4129323	4129691
MTB	4129893	4130357
MTB	4130357	4131712
MTB	4131739	4132392
MTB	4132518	4133519
MTB	4133516	4134592
MTB	4134726	4136048
MTB	4136122	4137114
MTB	4137206	4138138
MTB	4138202	4139755
MTB	4139805	4140242
MTB	4140239	4140463
MTB	4140493	4142022
MTB	4142044	4142745
MTB	4142748	4143920
MTB	4143951	4144916
MTB	4144913	4145614
MTB	4145614	4146891
MTB	4146888	4148186
MTB	4148318	4148962
MTB	4149091	4149480
MTB	4149591	4149911
MTB	4150030	4151040
MTB	4151180	4152217
MTB	4152218	4153483
MTB	4153740	4155674
MTB	4155740	4156729
MTB	4156981	4158222
MTB	4158227	4158922
MTB	4158931	4159821
MTB	4159889	4160500
MTB	4160512	4160913
MTB	4161048	4161773
MTB	4161815	4162258
MTB	4162306	4163718
MTB	4163736	4164998
MTB	4164995	4166731
MTB	4166821	4168128
MTB	4168536	4169300
MTB	4170214	4171143
MTB	4171421	4172614
MTB	4172955	4174763
MTB	4174873	4178070
MTB	4178285	4180615
MTB	4180680	4181720
MTB	4181758	4182834
MTB	4182934	4183992
MTB	4184012	4184512
MTB	4184526	4185890
MTB	4186089	4186577
MTB	4186634	4187695
MTB	4187699	4189288
MTB	4189285	4190232
MTB	4190284	4190517
MTB	4190833	4192179
MTB	4192179	4192853
MTB	4192850	4193245
MTB	4193391	4195373
MTB	4195440	4195802
MTB	4195886	4196098
MTB	4196171	4196506
MTB	4196724	4197107
MTB	4197236	4197595
MTB	4197628	4198137
MTB	4198205	4198597
MTB	4199247	4199705
MTB	4199721	4200221
MTB	4200421	4201326
MTB	4201289	4201888
MTB	4201894	4202613
MTB	4202610	4203299
MTB	4203287	4204417
MTB	4204426	4205373
MTB	4205538	4205840
MTB	4205862	4206917
MTB	4206996	4208876
MTB	4209047	4209526
MTB	4209582	4211009
MTB	4211080	4211784
MTB	4212293	4212982
MTB	4212996	4213940
MTB	4214070	4214429
MTB	4214615	4214887
MTB	4215200	4215775
MTB	4216404	4216730
MTB	4217134	4218195
MTB	4218241	4218825
MTB	4218849	4219673
MTB	4219685	4220932
MTB	4221089	4222648
MTB	4222694	4223680
MTB	4223699	4224895
MTB	4224985	4226985
MTB	4226989	4227525
MTB	4227529	4228350
MTB	4228347	4229261
MTB	4229258	4230100
MTB	4230256	4231236
MTB	4231320	4232393
MTB	4232374	4233597
MTB	4233610	4234536
MTB	4234780	4235265
MTB	4235374	4235739
MTB	4235779	4237164
MTB	4237165	4237929
MTB	4237932	4239863
MTB	4239863	4243147
MTB	4243233	4246517
MTB	4246514	4249810
MTB	4249878	4251005
MTB	4251085	4252866
MTB	4252993	4254327
MTB	4254380	4255948
MTB	4255945	4261146
MTB	4261153	4263066
MTB	4263355	4264365
MTB	4264563	4265462
MTB	4265642	4266658
MTB	4266953	4268836
MTB	4268925	4269833
MTB	4269840	4270337
MTB	4270366	4272279
MTB	4272276	4273475
MTB	4273739	4274593
MTB	4274798	4276417
MTB	4276571	4278085
MTB	4278394	4279215
MTB	4279230	4280015
MTB	4280033	4280788
MTB	4280792	4281571
MTB	4281647	4282402
MTB	4282449	4283999
MTB	4283996	4284331
MTB	4284419	4285825
MTB	4285973	4286686
MTB	4286721	4287935
MTB	4288260	4291529
MTB	4291639	4293174
MTB	4293225	4299605
MTB	4299812	4301566
MTB	4301563	4302789
MTB	4302786	4303397
MTB	4303398	4305008
MTB	4305056	4305685
MTB	4305757	4306239
MTB	4306236	4306811
MTB	4306867	4307658
MTB	4307655	4308914
MTB	4309047	4310396
MTB	4310401	4310814
MTB	4311009	4311707
MTB	4311704	4312669
MTB	4312765	4313541
MTB	4313567	4313980
MTB	4314178	4314723
MTB	4314738	4315562
MTB	4315568	4316596
MTB	4318775	4319266
MTB	4319281	4319640
MTB	4320704	4321327
MTB	4321538	4322071
MTB	4322326	4323234
MTB	4323499	4323897
MTB	4324015	4324671
MTB	4324683	4324967
MTB	4325074	4325478
MTB	4325495	4325968
MTB	4326004	4327473
MTB	4327549	4328199
MTB	4328401	4329408
MTB	4329417	4329614
MTB	4330039	4331505
MTB	4331498	4336081
MTB	4336777	4337949
MTB	4337946	4338272
MTB	4338171	4338521
MTB	4338849	4340027
MTB	4340270	4341478
MTB	4341566	4341877
MTB	4341880	4342731
MTB	4342770	4343321
MTB	4343314	4345035
MTB	4345039	4346481
MTB	4346481	4348724
MTB	4348827	4350602
MTB	4350745	4351044
MTB	4351075	4352181
MTB	4352274	4352576
MTB	4352609	4352896
MTB	4353010	4355010
MTB	4355007	4356542
MTB	4356693	4357535
MTB	4357593	4359782
MTB	4360199	4360546
MTB	4360543	4361925
MTB	4362032	4363420
MTB	4363417	4364757
MTB	4364979	4366838
MTB	4366908	4368521
MTB	4368518	4370170
MTB	4370155	4371684
MTB	4371681	4372706
MTB	4372800	4373630
MTB	4373726	4374013
MTB	4374049	4374372
MTB	4374484	4375683
MTB	4375762	4375995
MTB	4376262	4380452
MTB	4380453	4381940
MTB	4381943	4382851
MTB	4383008	4383640
MTB	4383653	4383985
MTB	4384147	4385379
MTB	4385373	4386308
MTB	4386365	4386814
MTB	4387365	4387895
MTB	4387892	4390432
MTB	4390437	4390709
MTB	4390720	4391031
MTB	4391097	4391606
MTB	4391631	4393073
MTB	4393449	4394195
MTB	4394192	4396600
MTB	4396597	4400151
MTB	4400186	4400854
MTB	4400870	4401634
MTB	4401728	4402735
MTB	4402732	4403082
MTB	4403192	4404412
MTB	4404433	4405167
MTB	4405457	4406491
MTB	4406488	4407531
MTB	4407528	4408202
MTB	4408334	4408897
MTB	4408969	4410069
MTB	4410053	4410415
MTB	4410412	4410789
MTB	4410786	4410929
